#
# A fatal error has been detected by the Java Runtime Environment:
#
#  EXCEPTION_ACCESS_VIOLATION (0xc0000005) at pc=0x000000005ac77b26, pid=9512, tid=0x0000000000000f3c
#
# JRE version: Java(TM) SE Runtime Environment (8.0_241-b07) (build 1.8.0_241-b07)
# Java VM: Java HotSpot(TM) 64-Bit Server VM (25.241-b07 mixed mode windows-amd64 compressed oops)
# Problematic frame:
# V  [jvm.dll+0x237b26]
#
# Failed to write core dump. Minidumps are not enabled by default on client versions of Windows
#
# If you would like to submit a bug report, please visit:
#   http://bugreport.java.com/bugreport/crash.jsp
#

---------------  T H R E A D  ---------------

Current thread (0x00000000173a7800):  VMThread [stack: 0x0000000018430000,0x0000000018530000] [id=3900]

siginfo: ExceptionCode=0xc0000005, reading address 0x0000000000000008

Registers:
RAX=0x0000000000000000, RBX=0x000000001852ebb0, RCX=0x000000001852ebb0, RDX=0x0000000000000028
RSP=0x000000001852e8e0, RBP=0x000000001852f0f0, RSI=0x0000000000000000, RDI=0x000000001852f280
R8 =0x0000000000000000, R9 =0x000000001b97c570, R10=0x0000000000000007, R11=0x000000005b04f398
R12=0x00000000195bbea0, R13=0x000000001852f0b0, R14=0x00000000000003d8, R15=0x000000001852f0a0
RIP=0x000000005ac77b26, EFLAGS=0x0000000000010206

Top of Stack: (sp=0x000000001852e8e0)
0x000000001852e8e0:   0000000019fc1a80 00000000027aa3d0
0x000000001852e8f0:   000000000267f468 000000000267f468
0x000000001852e900:   ffffffff00000001 000000050000000e
0x000000001852e910:   ffffffff00000000 0000000019fbe740
0x000000001852e920:   0000000019fc1ac0 0000000018def0e0
0x000000001852e930:   0000000019fc1ad0 00000000027aa3d0
0x000000001852e940:   0000000019fc1b20 00000008000000e7
0x000000001852e950:   ffffffff00000001 000000050000000e
0x000000001852e960:   0000000019fc1b00 0000000019fbe740
0x000000001852e970:   0000000019fc1b10 0000000018def0e0
0x000000001852e980:   0000000000000000 0000000a00000001
0x000000001852e990:   0000000000000000 0000000000000007
0x000000001852e9a0:   0000000019fc1b80 0000000019ca2b60
0x000000001852e9b0:   0000000000000000 0000000000000000
0x000000001852e9c0:   0000000000000000 0000000000000000
0x000000001852e9d0:   0000000000000000 0000000000000000 

Instructions: (pc=0x000000005ac77b26)
0x000000005ac77b06:   01 00 00 48 8b 05 c0 2d 5c 00 48 33 c4 48 89 84
0x000000005ac77b16:   24 30 01 00 00 4c 63 41 10 48 8b 41 08 48 8b d9
0x000000005ac77b26:   42 38 54 00 08 74 33 44 0f be c2 48 8d 4c 24 20
0x000000005ac77b36:   48 8d 15 43 4f 3f 00 e8 2e e0 de ff 48 8d 0d c7 


Register to memory mapping:

RAX=0x0000000000000000 is an unknown value
RBX=0x000000001852ebb0 is an unknown value
RCX=0x000000001852ebb0 is an unknown value
RDX=0x0000000000000028 is an unknown value
RSP=0x000000001852e8e0 is an unknown value
RBP=0x000000001852f0f0 is an unknown value
RSI=0x0000000000000000 is an unknown value
RDI=0x000000001852f280 is an unknown value
R8 =0x0000000000000000 is an unknown value
R9 =0x000000001b97c570 is pointing into metadata
R10=0x0000000000000007 is an unknown value
R11=0x000000005b04f398 is an unknown value
R12=0x00000000195bbea0 is an unknown value
R13=0x000000001852f0b0 is an unknown value
R14=0x00000000000003d8 is an unknown value
R15=0x000000001852f0a0 is an unknown value


Stack: [0x0000000018430000,0x0000000018530000],  sp=0x000000001852e8e0,  free space=1018k
Native frames: (J=compiled Java code, j=interpreted, Vv=VM code, C=native code)
V  [jvm.dll+0x237b26]
V  [jvm.dll+0x2381a4]
V  [jvm.dll+0xff603]
V  [jvm.dll+0x1026f3]
V  [jvm.dll+0x1031bf]
V  [jvm.dll+0x103a05]
V  [jvm.dll+0x103c52]
V  [jvm.dll+0xc512e]
V  [jvm.dll+0xc57b8]
V  [jvm.dll+0xc5d99]
V  [jvm.dll+0x10faea]
V  [jvm.dll+0x12d39f]
V  [jvm.dll+0x1bf68f]
V  [jvm.dll+0x24d6b7]
V  [jvm.dll+0x24c956]
V  [jvm.dll+0x24cdf1]
V  [jvm.dll+0x24d00e]
V  [jvm.dll+0x29fd2a]
C  [msvcr100.dll+0x21d9f]
C  [msvcr100.dll+0x21e3b]
C  [KERNEL32.DLL+0x13f2]
C  [ntdll.dll+0x154f4]

VM_Operation (0x0000000018def620): GetOrSetLocal, mode: safepoint, requested by thread 0x00000000173ed800


---------------  P R O C E S S  ---------------

Java Threads: ( => current thread )
  0x0000000019bc2800 JavaThread "ReaderThread" [_thread_in_native, id=12232, stack(0x000000001a1f0000,0x000000001a2f0000)]
  0x000000001934d800 JavaThread "Service Thread" daemon [_thread_blocked, id=11912, stack(0x00000000196f0000,0x00000000197f0000)]
  0x0000000017416800 JavaThread "C1 CompilerThread2" daemon [_thread_blocked, id=9632, stack(0x00000000191f0000,0x00000000192f0000)]
  0x0000000017415000 JavaThread "C2 CompilerThread1" daemon [_thread_blocked, id=9460, stack(0x00000000190f0000,0x00000000191f0000)]
  0x0000000017412800 JavaThread "C2 CompilerThread0" daemon [_thread_blocked, id=1520, stack(0x0000000018ff0000,0x00000000190f0000)]
  0x0000000017407000 JavaThread "JDWP Command Reader" daemon [_thread_in_native, id=8412, stack(0x0000000018ef0000,0x0000000018ff0000)]
  0x00000000173fb800 JavaThread "JDWP Event Helper Thread" daemon [_thread_blocked, id=12884, stack(0x0000000018df0000,0x0000000018ef0000)]
  0x00000000173ed800 JavaThread "JDWP Transport Listener: dt_socket" daemon [_thread_blocked, id=11408, stack(0x0000000018cf0000,0x0000000018df0000)]
  0x00000000173e2800 JavaThread "Attach Listener" daemon [_thread_blocked, id=468, stack(0x0000000018910000,0x0000000018a10000)]
  0x00000000173e1800 JavaThread "Signal Dispatcher" daemon [_thread_blocked, id=6392, stack(0x0000000018810000,0x0000000018910000)]
  0x00000000173ce800 JavaThread "Finalizer" daemon [_thread_blocked, id=9648, stack(0x0000000018630000,0x0000000018730000)]
  0x0000000002856800 JavaThread "Reference Handler" daemon [_thread_blocked, id=8836, stack(0x0000000018530000,0x0000000018630000)]
  0x0000000002763800 JavaThread "main" [_thread_blocked, id=7988, stack(0x0000000002580000,0x0000000002680000)]

Other Threads:
=>0x00000000173a7800 VMThread [stack: 0x0000000018430000,0x0000000018530000] [id=3900]
  0x000000001936f800 WatcherThread [stack: 0x00000000197f0000,0x00000000198f0000] [id=1224]

VM state:at safepoint (normal execution)

VM Mutex/Monitor currently owned by a thread:  ([mutex/lock_event])
[0x00000000027612d0] Threads_lock - owner thread: 0x00000000173a7800

heap address: 0x0000000081200000, size: 2030 MB, Compressed Oops mode: 32-bit
Narrow klass base: 0x0000000000000000, Narrow klass shift: 3
Compressed class space size: 1073741824 Address: 0x0000000100000000

Heap:
 PSYoungGen      total 38400K, used 34222K [0x00000000d5b80000, 0x00000000d8600000, 0x0000000100000000)
  eden space 33280K, 87% used [0x00000000d5b80000,0x00000000d77ed540,0x00000000d7c00000)
  from space 5120K, 99% used [0x00000000d7c00000,0x00000000d80fe550,0x00000000d8100000)
  to   space 5120K, 0% used [0x00000000d8100000,0x00000000d8100000,0x00000000d8600000)
 ParOldGen       total 87552K, used 838K [0x0000000081200000, 0x0000000086780000, 0x00000000d5b80000)
  object space 87552K, 0% used [0x0000000081200000,0x00000000812d1848,0x0000000086780000)
 Metaspace       used 16896K, capacity 17322K, committed 17664K, reserved 1064960K
  class space    used 2070K, capacity 2249K, committed 2304K, reserved 1048576K

Card table byte_map: [0x0000000011c20000,0x0000000012020000] byte_map_base: 0x0000000011817000

Marking Bits: (ParMarkBitMap*) 0x000000005b26be30
 Begin Bits: [0x00000000126d0000, 0x0000000014688000)
 End Bits:   [0x0000000014688000, 0x0000000016640000)

Polling page: 0x0000000002680000

CodeCache: size=245760Kb used=5078Kb max_used=5098Kb free=240681Kb
 bounds [0x0000000002860000, 0x0000000002d60000, 0x0000000011860000]
 total_blobs=1821 nmethods=1432 adapters=309
 compilation: enabled

Compilation events (10 events):
Event: 26.315 Thread 0x0000000017416800 nmethod 1428 0x0000000002d48850 code [0x0000000002d489c0, 0x0000000002d48c30]
Event: 26.319 Thread 0x0000000017416800 1429       3       org.apache.xmlbeans.impl.schema.SchemaTypeSystemImpl$XsbReader::readXmlValueObject (350 bytes)
Event: 26.323 Thread 0x0000000017416800 nmethod 1429 0x0000000002d4d790 code [0x0000000002d4dd40, 0x0000000002d50ff8]
Event: 26.325 Thread 0x0000000017416800 1430       1       org.apache.xmlbeans.impl.schema.SchemaPropertyImpl::hasNillable (5 bytes)
Event: 26.325 Thread 0x0000000017416800 nmethod 1430 0x0000000002d48590 code [0x0000000002d486e0, 0x0000000002d487f0]
Event: 26.325 Thread 0x0000000017416800 1431       3       org.apache.xmlbeans.impl.schema.SchemaPropertyImpl::getType (8 bytes)
Event: 26.325 Thread 0x0000000017416800 nmethod 1431 0x0000000002d47f10 code [0x0000000002d48080, 0x0000000002d48488]
Event: 26.325 Thread 0x0000000017416800 1432       3       org.apache.xmlbeans.impl.store.Locale::version (5 bytes)
Event: 26.325 Thread 0x0000000017416800 nmethod 1432 0x0000000002d47bd0 code [0x0000000002d47d20, 0x0000000002d47e70]
Event: 26.356 Thread 0x0000000017412800 nmethod 1367 0x0000000002d583d0 code [0x0000000002d586c0, 0x0000000002d5a948]

GC Heap History (2 events):
Event: 25.850 GC heap before
{Heap before GC invocations=1 (full 0):
 PSYoungGen      total 38400K, used 33280K [0x00000000d5b80000, 0x00000000d8600000, 0x0000000100000000)
  eden space 33280K, 100% used [0x00000000d5b80000,0x00000000d7c00000,0x00000000d7c00000)
  from space 5120K, 0% used [0x00000000d8100000,0x00000000d8100000,0x00000000d8600000)
  to   space 5120K, 0% used [0x00000000d7c00000,0x00000000d7c00000,0x00000000d8100000)
 ParOldGen       total 87552K, used 0K [0x0000000081200000, 0x0000000086780000, 0x00000000d5b80000)
  object space 87552K, 0% used [0x0000000081200000,0x0000000081200000,0x0000000086780000)
 Metaspace       used 12488K, capacity 12812K, committed 12928K, reserved 1060864K
  class space    used 1480K, capacity 1574K, committed 1664K, reserved 1048576K
Event: 25.857 GC heap after
Heap after GC invocations=1 (full 0):
 PSYoungGen      total 38400K, used 5113K [0x00000000d5b80000, 0x00000000d8600000, 0x0000000100000000)
  eden space 33280K, 0% used [0x00000000d5b80000,0x00000000d5b80000,0x00000000d7c00000)
  from space 5120K, 99% used [0x00000000d7c00000,0x00000000d80fe550,0x00000000d8100000)
  to   space 5120K, 0% used [0x00000000d8100000,0x00000000d8100000,0x00000000d8600000)
 ParOldGen       total 87552K, used 838K [0x0000000081200000, 0x0000000086780000, 0x00000000d5b80000)
  object space 87552K, 0% used [0x0000000081200000,0x00000000812d1848,0x0000000086780000)
 Metaspace       used 12488K, capacity 12812K, committed 12928K, reserved 1060864K
  class space    used 1480K, capacity 1574K, committed 1664K, reserved 1048576K
}

Deoptimization events (10 events):
Event: 5.276 Thread 0x0000000002763800 Uncommon trap: reason=unstable_if action=reinterpret pc=0x00000000029dffd4 method=java.lang.String.indexOf([CII[CIII)I @ 134
Event: 5.290 Thread 0x0000000002763800 Uncommon trap: reason=unstable_if action=reinterpret pc=0x00000000029ac8ec method=java.lang.String.startsWith(Ljava/lang/String;I)Z @ 25
Event: 5.532 Thread 0x0000000002763800 Uncommon trap: reason=unstable_if action=reinterpret pc=0x0000000002a553c0 method=java.lang.String.indexOf([CII[CIII)I @ 3
Event: 5.535 Thread 0x0000000002763800 Uncommon trap: reason=unstable_if action=reinterpret pc=0x00000000029d3364 method=java.lang.String.indexOf([CII[CIII)I @ 123
Event: 5.915 Thread 0x0000000002763800 Uncommon trap: reason=range_check action=make_not_entrant pc=0x0000000002b6750c method=sun.reflect.generics.parser.SignatureParser.current()C @ 34
Event: 25.979 Thread 0x0000000002763800 Uncommon trap: reason=unstable_if action=reinterpret pc=0x0000000002bfef00 method=java.util.HashMap.hash(Ljava/lang/Object;)I @ 1
Event: 26.264 Thread 0x0000000002763800 Uncommon trap: reason=unstable_if action=reinterpret pc=0x0000000002c48810 method=java.lang.String.regionMatches(ZILjava/lang/String;II)Z @ 25
Event: 26.278 Thread 0x0000000002763800 Uncommon trap: reason=unstable_if action=reinterpret pc=0x0000000002cdc58c method=org.apache.xmlbeans.impl.store.Cur.isNormal()Z @ 60
Event: 26.279 Thread 0x0000000002763800 Uncommon trap: reason=unstable_if action=reinterpret pc=0x0000000002d0bea4 method=org.apache.xmlbeans.impl.store.Xobj.bitIsSet(I)Z @ 6
Event: 26.279 Thread 0x0000000002763800 Uncommon trap: reason=unstable_if action=reinterpret pc=0x0000000002cd5ddc method=org.apache.xmlbeans.impl.store.Xobj.bitIsSet(I)Z @ 6

Classes redefined (1 events):
Event: 138.385 Thread 0x00000000173a7800 redefined class name=resources.driverscript, count=1

Internal exceptions (10 events):
Event: 5.271 Thread 0x0000000002763800 Exception <a 'java/security/PrivilegedActionException'> (0x00000000d5fb7e28) thrown at [C:\ade\jenkins\workspace\8-2-build-windows-amd64-cygwin\jdk8u241\331\hotspot\src\share\vm\prims\jvm.cpp, line 1502]
Event: 5.272 Thread 0x0000000002763800 Exception <a 'java/security/PrivilegedActionException'> (0x00000000d5fbba98) thrown at [C:\ade\jenkins\workspace\8-2-build-windows-amd64-cygwin\jdk8u241\331\hotspot\src\share\vm\prims\jvm.cpp, line 1502]
Event: 5.272 Thread 0x0000000002763800 Exception <a 'java/security/PrivilegedActionException'> (0x00000000d5fbbca8) thrown at [C:\ade\jenkins\workspace\8-2-build-windows-amd64-cygwin\jdk8u241\331\hotspot\src\share\vm\prims\jvm.cpp, line 1502]
Event: 5.364 Thread 0x0000000002763800 Exception <a 'java/lang/NoSuchFieldError': method resolution failed> (0x00000000d623c0c0) thrown at [C:\ade\jenkins\workspace\8-2-build-windows-amd64-cygwin\jdk8u241\331\hotspot\src\share\vm\prims\methodHandles.cpp, line 1167]
Event: 5.410 Thread 0x0000000002763800 Exception <a 'java/lang/NoSuchFieldError': method resolution failed> (0x00000000d6249410) thrown at [C:\ade\jenkins\workspace\8-2-build-windows-amd64-cygwin\jdk8u241\331\hotspot\src\share\vm\prims\methodHandles.cpp, line 1167]
Event: 5.786 Thread 0x0000000002763800 Exception <a 'java/lang/NoSuchMethodError': java.lang.Object.lambda$comparingInt$7b0bb60$1(Ljava/util/function/ToIntFunction;Ljava/lang/Object;Ljava/lang/Object;)I> (0x00000000d69a2b60) thrown at [C:\ade\jenkins\workspace\8-2-build-windows-amd64-cygwin\jd
Event: 5.915 Thread 0x0000000002763800 Exception <a 'java/lang/ArrayIndexOutOfBoundsException': 65> (0x00000000d6da69c8) thrown at [C:\ade\jenkins\workspace\8-2-build-windows-amd64-cygwin\jdk8u241\331\hotspot\src\share\vm\interpreter\interpreterRuntime.cpp, line 368]
Event: 5.916 Thread 0x0000000002763800 Exception <a 'java/lang/ArrayIndexOutOfBoundsException': 60> (0x00000000d6dac3f8) thrown at [C:\ade\jenkins\workspace\8-2-build-windows-amd64-cygwin\jdk8u241\331\hotspot\src\share\vm\interpreter\interpreterRuntime.cpp, line 368]
Event: 25.979 Thread 0x0000000002763800 Implicit null exception at 0x0000000002bfe7bb to 0x0000000002bfeee9
Event: 35.674 Thread 0x0000000002763800 Exception <a 'java/lang/NullPointerException'> (0x00000000d76f7a20) thrown at [C:\ade\jenkins\workspace\8-2-build-windows-amd64-cygwin\jdk8u241\331\hotspot\src\share\vm\interpreter\linkResolver.cpp, line 1287]

Events (10 events):
Event: 138.404 Executing VM operation: GetCurrentContendedMonitor done
Event: 138.405 Executing VM operation: GetOwnedMonitorInfo
Event: 138.405 Executing VM operation: GetOwnedMonitorInfo done
Event: 138.405 Executing VM operation: GetCurrentContendedMonitor
Event: 138.405 Executing VM operation: GetCurrentContendedMonitor done
Event: 138.407 Executing VM operation: GetCurrentContendedMonitor
Event: 138.408 Executing VM operation: GetCurrentContendedMonitor done
Event: 138.409 Executing VM operation: GetOwnedMonitorInfo
Event: 138.409 Executing VM operation: GetOwnedMonitorInfo done
Event: 138.464 Executing VM operation: GetOrSetLocal


Dynamic libraries:
0x00007ff60a1f0000 - 0x00007ff60a227000 	C:\Program Files\Java\jre1.8.0_241\bin\javaw.exe
0x00007ffbacbf0000 - 0x00007ffbacd9d000 	C:\WINDOWS\SYSTEM32\ntdll.dll
0x00007ffbac6e0000 - 0x00007ffbac81f000 	C:\WINDOWS\system32\KERNEL32.DLL
0x00007ffbaa0d0000 - 0x00007ffbaa1e5000 	C:\WINDOWS\system32\KERNELBASE.dll
0x00007ffba88b0000 - 0x00007ffba893e000 	C:\WINDOWS\system32\apphelp.dll
0x00007ffb77380000 - 0x00007ffb773d5000 	C:\WINDOWS\AppPatch\AppPatch64\AcGenral.DLL
0x00007ffbacb10000 - 0x00007ffbacbba000 	C:\WINDOWS\system32\msvcrt.dll
0x00007ffba9dc0000 - 0x00007ffba9dee000 	C:\WINDOWS\system32\SspiCli.dll
0x00007ffbab9f0000 - 0x00007ffbaba44000 	C:\WINDOWS\system32\SHLWAPI.dll
0x00007ffbac030000 - 0x00007ffbac1a7000 	C:\WINDOWS\system32\USER32.dll
0x00007ffbac820000 - 0x00007ffbac9b4000 	C:\WINDOWS\system32\ole32.dll
0x00007ffbaa4c0000 - 0x00007ffbab9eb000 	C:\WINDOWS\system32\SHELL32.dll
0x00007ffba92b0000 - 0x00007ffba92d1000 	C:\WINDOWS\SYSTEM32\USERENV.dll
0x00007ffbaa390000 - 0x00007ffbaa43a000 	C:\WINDOWS\system32\ADVAPI32.dll
0x00007ffb98bb0000 - 0x00007ffb98bce000 	C:\WINDOWS\SYSTEM32\MPR.dll
0x00007ffbaa250000 - 0x00007ffbaa390000 	C:\WINDOWS\system32\RPCRT4.dll
0x00007ffbac1d0000 - 0x00007ffbac229000 	C:\WINDOWS\SYSTEM32\sechost.dll
0x00007ffbac250000 - 0x00007ffbac460000 	C:\WINDOWS\SYSTEM32\combase.dll
0x00007ffbac9c0000 - 0x00007ffbacb0c000 	C:\WINDOWS\system32\GDI32.dll
0x00007ffba9cf0000 - 0x00007ffba9d05000 	C:\WINDOWS\SYSTEM32\profapi.dll
0x00007ffba7730000 - 0x00007ffba77e2000 	C:\WINDOWS\SYSTEM32\SHCORE.dll
0x00007ffbabf90000 - 0x00007ffbabfc6000 	C:\WINDOWS\system32\IMM32.DLL
0x00007ffbac460000 - 0x00007ffbac5b1000 	C:\WINDOWS\system32\MSCTF.dll
0x00007ffba72e0000 - 0x00007ffba755b000 	C:\WINDOWS\WinSxS\amd64_microsoft.windows.common-controls_6595b64144ccf1df_6.0.9600.19394_none_62486577ecb635cf\COMCTL32.dll
0x000000005a490000 - 0x000000005a562000 	C:\Program Files\Java\jre1.8.0_241\bin\msvcr100.dll
0x000000005aa40000 - 0x000000005b2ec000 	C:\Program Files\Java\jre1.8.0_241\bin\server\jvm.dll
0x00007ffba01b0000 - 0x00007ffba01b9000 	C:\WINDOWS\SYSTEM32\WSOCK32.dll
0x00007ffba1c90000 - 0x00007ffba1cb2000 	C:\WINDOWS\SYSTEM32\WINMM.dll
0x00007ffba1f40000 - 0x00007ffba1f4a000 	C:\WINDOWS\SYSTEM32\VERSION.dll
0x00007ffbabc30000 - 0x00007ffbabc37000 	C:\WINDOWS\system32\PSAPI.DLL
0x00007ffbac5c0000 - 0x00007ffbac61a000 	C:\WINDOWS\system32\WS2_32.dll
0x00007ffba1c60000 - 0x00007ffba1c8a000 	C:\WINDOWS\SYSTEM32\WINMMBASE.dll
0x00007ffbaa4b0000 - 0x00007ffbaa4b9000 	C:\WINDOWS\system32\NSI.dll
0x00007ffba9ea0000 - 0x00007ffba9eef000 	C:\WINDOWS\SYSTEM32\cfgmgr32.dll
0x00007ffba8b30000 - 0x00007ffba8b58000 	C:\WINDOWS\SYSTEM32\DEVOBJ.dll
0x00007ffb97150000 - 0x00007ffb9715f000 	C:\Program Files\Java\jre1.8.0_241\bin\verify.dll
0x00007ffb8aa40000 - 0x00007ffb8aa69000 	C:\Program Files\Java\jre1.8.0_241\bin\java.dll
0x00007ffb9ad20000 - 0x00007ffb9ad55000 	C:\Program Files\Java\jre1.8.0_241\bin\jdwp.dll
0x00007ffba3e70000 - 0x00007ffba3e78000 	C:\Program Files\Java\jre1.8.0_241\bin\npt.dll
0x00007ffb8a070000 - 0x00007ffb8a086000 	C:\Program Files\Java\jre1.8.0_241\bin\zip.dll
0x00007ffb9ae60000 - 0x00007ffb9ae69000 	C:\Program Files\Java\jre1.8.0_241\bin\dt_socket.dll
0x00007ffb99e90000 - 0x00007ffb99ea5000 	C:\WINDOWS\system32\napinsp.dll
0x00007ffb99ec0000 - 0x00007ffb99eda000 	C:\WINDOWS\system32\pnrpnsp.dll
0x00007ffba7ec0000 - 0x00007ffba7edb000 	C:\WINDOWS\system32\NLAapi.dll
0x00007ffba9520000 - 0x00007ffba9579000 	C:\WINDOWS\System32\mswsock.dll
0x00007ffba9320000 - 0x00007ffba93c4000 	C:\WINDOWS\SYSTEM32\DNSAPI.dll
0x00007ffb99eb0000 - 0x00007ffb99ebd000 	C:\WINDOWS\System32\winrnr.dll
0x00007ffb99ee0000 - 0x00007ffb99ef4000 	C:\WINDOWS\system32\wshbth.dll
0x000000005bef0000 - 0x000000005bf16000 	C:\Program Files\Bonjour\mdnsNSP.dll
0x00007ffba6b40000 - 0x00007ffba6b6a000 	C:\WINDOWS\SYSTEM32\Iphlpapi.DLL
0x00007ffba6720000 - 0x00007ffba672a000 	C:\WINDOWS\SYSTEM32\WINNSI.DLL
0x00007ffba5eb0000 - 0x00007ffba5f1b000 	C:\WINDOWS\System32\fwpuclnt.dll
0x00007ffba34b0000 - 0x00007ffba34ba000 	C:\Windows\System32\rasadhlp.dll
0x00007ffb99ae0000 - 0x00007ffb99afa000 	C:\Program Files\Java\jre1.8.0_241\bin\net.dll
0x00007ffba9580000 - 0x00007ffba95a0000 	C:\WINDOWS\SYSTEM32\CRYPTSP.dll
0x00007ffba91a0000 - 0x00007ffba91d6000 	C:\WINDOWS\system32\rsaenh.dll
0x00007ffba97d0000 - 0x00007ffba97f6000 	C:\WINDOWS\SYSTEM32\bcrypt.dll
0x00007ffba9af0000 - 0x00007ffba9b53000 	C:\WINDOWS\system32\bcryptprimitives.dll
0x00007ffba9b60000 - 0x00007ffba9b6b000 	C:\WINDOWS\SYSTEM32\CRYPTBASE.dll
0x00007ffba5e00000 - 0x00007ffba5e16000 	C:\WINDOWS\SYSTEM32\dhcpcsvc6.DLL
0x00007ffba60c0000 - 0x00007ffba60da000 	C:\WINDOWS\SYSTEM32\dhcpcsvc.DLL
0x00007ffb99aa0000 - 0x00007ffb99ab2000 	C:\Program Files\Java\jre1.8.0_241\bin\nio.dll
0x00007ffb98460000 - 0x00007ffb985e9000 	C:\WINDOWS\SYSTEM32\dbghelp.dll

VM Arguments:
jvm_args: -agentlib:jdwp=transport=dt_socket,suspend=y,address=localhost:50963 -ea -Dfile.encoding=Cp1252 
java_command: org.testng.remote.RemoteTestNG -serport 50962 -protocol json -d C:\Users\vishnu.vuppala\eclipse-workspace\keyworddriven\test-output C:\Users\VISHNU~1.VUP\AppData\Local\Temp\testng-eclipse--1904350676\testng-customsuite.xml
java_class_path (initial): D:\Selenium\eclipse-java-2020-03-R-win32-x86_64\eclipse\configuration\org.eclipse.osgi\518\0\.cp\lib\testng-remote.jar;C:\Users\vishnu.vuppala\eclipse-workspace\keyworddriven\target\test-classes;C:\Users\vishnu.vuppala\eclipse-workspace\keyworddriven\target\classes;C:\Users\vishnu.vuppala\.m2\repository\org\seleniumhq\selenium\selenium-java\3.141.59\selenium-java-3.141.59.jar;C:\Users\vishnu.vuppala\.m2\repository\org\seleniumhq\selenium\selenium-api\3.141.59\selenium-api-3.141.59.jar;C:\Users\vishnu.vuppala\.m2\repository\org\seleniumhq\selenium\selenium-chrome-driver\3.141.59\selenium-chrome-driver-3.141.59.jar;C:\Users\vishnu.vuppala\.m2\repository\org\seleniumhq\selenium\selenium-edge-driver\3.141.59\selenium-edge-driver-3.141.59.jar;C:\Users\vishnu.vuppala\.m2\repository\org\seleniumhq\selenium\selenium-firefox-driver\3.141.59\selenium-firefox-driver-3.141.59.jar;C:\Users\vishnu.vuppala\.m2\repository\org\seleniumhq\selenium\selenium-ie-driver\3.141.59\selenium-ie-driver-3.141.59.jar;C:\Users\vishnu.vuppala\.m2\repository\org\seleniumhq\selenium\selenium-opera-driver\3.141.59\selenium-opera-driver-3.141.59.jar;C:\Users\vishnu.vuppala\.m2\repository\org\seleniumhq\selenium\selenium-remote-driver\3.141.59\selenium-remote-driver-3.141.59.jar;C:\Users\vishnu.vuppala\.m2\repository\org\seleniumhq\selenium\selenium-safari-driver\3.141.59\selenium-safari-driver-3.141.59.jar;C:\Users\vishnu.vuppala\.m2\repository\org\seleniumhq\selenium\selenium-support\3.141.59\selenium-support-3.141.59.jar;C:\Users\vishnu.vuppala\.m2\repository\net\bytebuddy\byte-buddy\1.8.15\byte-buddy-1.8.15.jar;C:\Users\vishnu.vuppala\.m2\repository\org\apache\commons\commons-exec\1.3\commons-exec-1.3.jar;C:\Users\vishnu.vuppala\.m2\repository\com\google\guava\guava\25.0-jre\guava-25.0-jre.jar;C:\Users\vishnu.vuppala\.m2\repository\com\google\code\findbugs\jsr305\1.3.9\jsr305-1.3.9.jar;C:\Users\vishnu.vuppala\.m2\repository\org\checkerframework\checker-compat-qual\2.0.
Launcher Type: SUN_STANDARD

Environment Variables:
PATH=C:/Program Files/Java/jre1.8.0_241/bin/server;C:/Program Files/Java/jre1.8.0_241/bin;C:/Program Files/Java/jre1.8.0_241/lib/amd64;C:\Program Files (x86)\Common Files\Oracle\Java\javapath;C:\Program Files (x86)\Lenovo\FusionEngine;C:\Program Files (x86)\Intel\iCLS Client\;C:\Program Files\Intel\iCLS Client\;C:\WINDOWS\system32;C:\WINDOWS;C:\WINDOWS\System32\Wbem;C:\WINDOWS\System32\WindowsPowerShell\v1.0\;C:\Program Files\Intel\Intel(R) Management Engine Components\DAL;C:\Program Files\Intel\Intel(R) Management Engine Components\IPT;C:\Program Files (x86)\Intel\Intel(R) Management Engine Components\DAL;C:\Program Files (x86)\Intel\Intel(R) Management Engine Components\IPT;C:\Program Files (x86)\ATI Technologies\ATI.ACE\Core-Static;C:\Program Files\Intel\WiFi\bin\;C:\Program Files\Common Files\Intel\WirelessCommon\;C:\Program Files (x86)\Lenovo\Motion Control\;C:\Program Files (x86)\Common Files\lenovo\easyplussdk\bin;C:\Program Files\Java\jdk-14\bin;D:\Selenium\eclipse-java-2020-03-R-win32-x86_64\eclipse;
USERNAME=vishnu.vuppala
OS=Windows_NT
PROCESSOR_IDENTIFIER=Intel64 Family 6 Model 69 Stepping 1, GenuineIntel



---------------  S Y S T E M  ---------------

OS: Windows 8.1 , 64 bit Build 9600 (6.3.9600.19358)

CPU:total 4 (initial active 4) (2 cores per cpu, 2 threads per core) family 6 model 69 stepping 1, cmov, cx8, fxsr, mmx, sse, sse2, sse3, ssse3, sse4.1, sse4.2, popcnt, avx, avx2, aes, clmul, erms, lzcnt, ht, tsc, tscinvbit, bmi1, bmi2

Memory: 4k page, physical 8307672k(1848700k free), swap 10595080k(1288184k free)

vm_info: Java HotSpot(TM) 64-Bit Server VM (25.241-b07) for windows-amd64 JRE (1.8.0_241-b07), built on Dec 11 2019 10:21:40 by "rejava" with MS VC++ 10.0 (VS2010)

time: Thu Apr 23 20:54:16 2020
timezone: India Standard Time
elapsed time: 139 seconds (0d 0h 2m 19s)

