#
# A fatal error has been detected by the Java Runtime Environment:
#
#  Internal Error (javaCalls.cpp:51), pid=1876, tid=0x0000000000001224
#  guarantee(thread->is_Java_thread()) failed: crucial check - the VM thread cannot and must not escape to Java code
#
# JRE version: Java(TM) SE Runtime Environment (8.0_241-b07) (build 1.8.0_241-b07)
# Java VM: Java HotSpot(TM) 64-Bit Server VM (25.241-b07 mixed mode windows-amd64 compressed oops)
# Failed to write core dump. Minidumps are not enabled by default on client versions of Windows
#
# If you would like to submit a bug report, please visit:
#   http://bugreport.java.com/bugreport/crash.jsp
#

---------------  T H R E A D  ---------------

Current thread (0x0000000017917800):  VMThread [stack: 0x00000000189b0000,0x0000000018ab0000] [id=4644]

Stack: [0x00000000189b0000,0x0000000018ab0000]
[error occurred during error reporting (printing stack bounds), id 0xc0000005]

Native frames: (J=compiled Java code, j=interpreted, Vv=VM code, C=native code)

VM_Operation (0x000000001908f6c0): GetOrSetLocal, mode: safepoint, requested by thread 0x000000001795c800


---------------  P R O C E S S  ---------------

Java Threads: ( => current thread )
  0x000000001a1fc000 JavaThread "ReaderThread" [_thread_in_native, id=11408, stack(0x000000001a850000,0x000000001a950000)]
  0x0000000019780000 JavaThread "Service Thread" daemon [_thread_blocked, id=12016, stack(0x0000000019d50000,0x0000000019e50000)]
  0x00000000179ac000 JavaThread "C1 CompilerThread2" daemon [_thread_blocked, id=7548, stack(0x0000000019c50000,0x0000000019d50000)]
  0x00000000179a9800 JavaThread "C2 CompilerThread1" daemon [_thread_blocked, id=5888, stack(0x0000000019b50000,0x0000000019c50000)]
  0x0000000017979000 JavaThread "C2 CompilerThread0" daemon [_thread_blocked, id=9104, stack(0x0000000019650000,0x0000000019750000)]
  0x000000001796c000 JavaThread "JDWP Command Reader" daemon [_thread_in_native, id=7116, stack(0x0000000019550000,0x0000000019650000)]
  0x000000001796a800 JavaThread "JDWP Event Helper Thread" daemon [_thread_blocked, id=10456, stack(0x0000000019450000,0x0000000019550000)]
  0x000000001795c800 JavaThread "JDWP Transport Listener: dt_socket" daemon [_thread_blocked, id=2060, stack(0x0000000018f90000,0x0000000019090000)]
  0x0000000017951800 JavaThread "Attach Listener" daemon [_thread_blocked, id=8680, stack(0x0000000018e90000,0x0000000018f90000)]
  0x0000000017950000 JavaThread "Signal Dispatcher" daemon [_thread_blocked, id=11380, stack(0x0000000018d90000,0x0000000018e90000)]
  0x000000001793a800 JavaThread "Finalizer" daemon [_thread_blocked, id=10560, stack(0x0000000018bb0000,0x0000000018cb0000)]
  0x0000000002dc3000 JavaThread "Reference Handler" daemon [_thread_blocked, id=8632, stack(0x0000000018ab0000,0x0000000018bb0000)]
  0x0000000002cd3800 JavaThread "main" [_thread_blocked, id=12052, stack(0x0000000002ae0000,0x0000000002be0000)]

Other Threads:
=>0x0000000017917800 VMThread [stack: 0x00000000189b0000,0x0000000018ab0000] [id=4644]
  0x00000000197ae000 WatcherThread [stack: 0x0000000019e50000,0x0000000019f50000] [id=1252]

VM state:at safepoint (normal execution)

VM Mutex/Monitor currently owned by a thread:  ([mutex/lock_event])
[0x0000000002cd06d0] Threads_lock - owner thread: 0x0000000017917800

heap address: 0x0000000081200000, size: 2030 MB, Compressed Oops mode: 32-bit
Narrow klass base: 0x0000000000000000, Narrow klass shift: 3
Compressed class space size: 1073741824 Address: 0x0000000100000000

Heap:
 PSYoungGen      total 38400K, used 22045K [0x00000000d5b80000, 0x00000000d8600000, 0x0000000100000000)
  eden space 33280K, 66% used [0x00000000d5b80000,0x00000000d7107430,0x00000000d7c00000)
  from space 5120K, 0% used [0x00000000d8100000,0x00000000d8100000,0x00000000d8600000)
  to   space 5120K, 0% used [0x00000000d7c00000,0x00000000d7c00000,0x00000000d8100000)
 ParOldGen       total 87552K, used 0K [0x0000000081200000, 0x0000000086780000, 0x00000000d5b80000)
  object space 87552K, 0% used [0x0000000081200000,0x0000000081200000,0x0000000086780000)
 Metaspace       used 9951K, capacity 10254K, committed 10624K, reserved 1058816K
  class space    used 1180K, capacity 1287K, committed 1408K, reserved 1048576K

Card table byte_map: [0x0000000012190000,0x0000000012590000] byte_map_base: 0x0000000011d87000

Marking Bits: (ParMarkBitMap*) 0x000000005b26be30
 Begin Bits: [0x0000000012c40000, 0x0000000014bf8000)
 End Bits:   [0x0000000014bf8000, 0x0000000016bb0000)

Polling page: 0x00000000011d0000

CodeCache: size=245760Kb used=3217Kb max_used=3217Kb free=242542Kb
 bounds [0x0000000002dd0000, 0x0000000003100000, 0x0000000011dd0000]
 total_blobs=1160 nmethods=828 adapters=253
 compilation: enabled

Compilation events (10 events):
Event: 1.336 Thread 0x00000000179ac000  825       1       java.lang.Class::getAnnotationType (5 bytes)
Event: 1.337 Thread 0x00000000179ac000 nmethod 825 0x00000000030f34d0 code [0x00000000030f3620, 0x00000000030f3730]
Event: 1.337 Thread 0x00000000179ac000  826       1       org.testng.shaded.com.google.gson.reflect.TypeToken::hashCode (5 bytes)
Event: 1.337 Thread 0x00000000179ac000 nmethod 826 0x00000000030f3790 code [0x00000000030f38e0, 0x00000000030f39f0]
Event: 1.338 Thread 0x00000000179ac000  827       1       java.util.Collections$EmptyIterator::hasNext (2 bytes)
Event: 1.338 Thread 0x00000000179ac000 nmethod 827 0x00000000030f3a50 code [0x00000000030f3ba0, 0x00000000030f3cb0]
Event: 1.339 Thread 0x00000000179ac000  828       3       java.lang.System::getProperty (25 bytes)
Event: 1.340 Thread 0x00000000179ac000 nmethod 828 0x00000000030f3d10 code [0x00000000030f3f00, 0x00000000030f4588]
Event: 1.376 Thread 0x00000000179ac000  829       3       java.io.ExpiringCache::entryFor (57 bytes)
Event: 1.377 Thread 0x00000000179ac000 nmethod 829 0x00000000030f4890 code [0x00000000030f4a20, 0x00000000030f4f98]

GC Heap History (0 events):
No events

Deoptimization events (4 events):
Event: 0.514 Thread 0x0000000002cd3800 Uncommon trap: reason=unstable_if action=reinterpret pc=0x0000000002f53650 method=java.lang.String.indexOf([CII[CIII)I @ 134
Event: 0.554 Thread 0x0000000002cd3800 Uncommon trap: reason=unstable_if action=reinterpret pc=0x0000000002f1866c method=java.lang.String.startsWith(Ljava/lang/String;I)Z @ 25
Event: 0.854 Thread 0x0000000002cd3800 Uncommon trap: reason=unstable_if action=reinterpret pc=0x0000000002fb76c8 method=java.lang.String.indexOf([CII[CIII)I @ 3
Event: 1.285 Thread 0x0000000002cd3800 Uncommon trap: reason=range_check action=make_not_entrant pc=0x00000000030d604c method=sun.reflect.generics.parser.SignatureParser.current()C @ 34

Classes redefined (2 events):
Event: 72.889 Thread 0x0000000017917800 redefined class name=resources.driverscript, count=1
Event: 223.814 Thread 0x0000000017917800 redefined class name=resources.driverscript, count=2

Internal exceptions (10 events):
Event: 0.481 Thread 0x0000000002cd3800 Exception <a 'java/lang/ArrayIndexOutOfBoundsException'> (0x00000000d5f913a0) thrown at [C:\ade\jenkins\workspace\8-2-build-windows-amd64-cygwin\jdk8u241\331\hotspot\src\share\vm\runtime\sharedRuntime.cpp, line 605]
Event: 0.506 Thread 0x0000000002cd3800 Exception <a 'java/security/PrivilegedActionException'> (0x00000000d5fb7b48) thrown at [C:\ade\jenkins\workspace\8-2-build-windows-amd64-cygwin\jdk8u241\331\hotspot\src\share\vm\prims\jvm.cpp, line 1502]
Event: 0.506 Thread 0x0000000002cd3800 Exception <a 'java/security/PrivilegedActionException'> (0x00000000d5fb7d58) thrown at [C:\ade\jenkins\workspace\8-2-build-windows-amd64-cygwin\jdk8u241\331\hotspot\src\share\vm\prims\jvm.cpp, line 1502]
Event: 0.507 Thread 0x0000000002cd3800 Exception <a 'java/security/PrivilegedActionException'> (0x00000000d5fbb9c8) thrown at [C:\ade\jenkins\workspace\8-2-build-windows-amd64-cygwin\jdk8u241\331\hotspot\src\share\vm\prims\jvm.cpp, line 1502]
Event: 0.507 Thread 0x0000000002cd3800 Exception <a 'java/security/PrivilegedActionException'> (0x00000000d5fbbbd8) thrown at [C:\ade\jenkins\workspace\8-2-build-windows-amd64-cygwin\jdk8u241\331\hotspot\src\share\vm\prims\jvm.cpp, line 1502]
Event: 0.713 Thread 0x0000000002cd3800 Exception <a 'java/lang/NoSuchFieldError': method resolution failed> (0x00000000d623c340) thrown at [C:\ade\jenkins\workspace\8-2-build-windows-amd64-cygwin\jdk8u241\331\hotspot\src\share\vm\prims\methodHandles.cpp, line 1167]
Event: 0.721 Thread 0x0000000002cd3800 Exception <a 'java/lang/NoSuchFieldError': method resolution failed> (0x00000000d6249660) thrown at [C:\ade\jenkins\workspace\8-2-build-windows-amd64-cygwin\jdk8u241\331\hotspot\src\share\vm\prims\methodHandles.cpp, line 1167]
Event: 1.142 Thread 0x0000000002cd3800 Exception <a 'java/lang/NoSuchMethodError': java.lang.Object.lambda$comparingInt$7b0bb60$1(Ljava/util/function/ToIntFunction;Ljava/lang/Object;Ljava/lang/Object;)I> (0x00000000d69a43b8) thrown at [C:\ade\jenkins\workspace\8-2-build-windows-amd64-cygwin\jd
Event: 1.285 Thread 0x0000000002cd3800 Exception <a 'java/lang/ArrayIndexOutOfBoundsException': 65> (0x00000000d6da7ba8) thrown at [C:\ade\jenkins\workspace\8-2-build-windows-amd64-cygwin\jdk8u241\331\hotspot\src\share\vm\interpreter\interpreterRuntime.cpp, line 368]
Event: 1.285 Thread 0x0000000002cd3800 Exception <a 'java/lang/ArrayIndexOutOfBoundsException': 60> (0x00000000d6dad5d8) thrown at [C:\ade\jenkins\workspace\8-2-build-windows-amd64-cygwin\jdk8u241\331\hotspot\src\share\vm\interpreter\interpreterRuntime.cpp, line 368]

Events (10 events):
Event: 223.977 Executing VM operation: GetOwnedMonitorInfo done
Event: 224.696 Executing VM operation: GetOwnedMonitorInfo
Event: 224.696 Executing VM operation: GetOwnedMonitorInfo done
Event: 224.738 Executing VM operation: GetCurrentContendedMonitor
Event: 224.738 Executing VM operation: GetCurrentContendedMonitor done
Event: 224.943 Executing VM operation: GetOwnedMonitorInfo
Event: 224.943 Executing VM operation: GetOwnedMonitorInfo done
Event: 224.944 Executing VM operation: GetCurrentContendedMonitor
Event: 224.944 Executing VM operation: GetCurrentContendedMonitor done
Event: 224.953 Executing VM operation: GetOrSetLocal


Dynamic libraries:
0x00007ff60a1f0000 - 0x00007ff60a227000 	C:\Program Files\Java\jre1.8.0_241\bin\javaw.exe
0x00007ffbacbf0000 - 0x00007ffbacd9d000 	C:\WINDOWS\SYSTEM32\ntdll.dll
0x00007ffbac6e0000 - 0x00007ffbac81f000 	C:\WINDOWS\system32\KERNEL32.DLL
0x00007ffbaa0d0000 - 0x00007ffbaa1e5000 	C:\WINDOWS\system32\KERNELBASE.dll
0x00007ffba88b0000 - 0x00007ffba893e000 	C:\WINDOWS\system32\apphelp.dll
0x00007ffb76220000 - 0x00007ffb76275000 	C:\WINDOWS\AppPatch\AppPatch64\AcGenral.DLL
0x00007ffbacb10000 - 0x00007ffbacbba000 	C:\WINDOWS\system32\msvcrt.dll
0x00007ffba9dc0000 - 0x00007ffba9dee000 	C:\WINDOWS\system32\SspiCli.dll
0x00007ffbab9f0000 - 0x00007ffbaba44000 	C:\WINDOWS\system32\SHLWAPI.dll
0x00007ffbac030000 - 0x00007ffbac1a7000 	C:\WINDOWS\system32\USER32.dll
0x00007ffbac820000 - 0x00007ffbac9b4000 	C:\WINDOWS\system32\ole32.dll
0x00007ffbaa4c0000 - 0x00007ffbab9eb000 	C:\WINDOWS\system32\SHELL32.dll
0x00007ffba92b0000 - 0x00007ffba92d1000 	C:\WINDOWS\SYSTEM32\USERENV.dll
0x00007ffbaa390000 - 0x00007ffbaa43a000 	C:\WINDOWS\system32\ADVAPI32.dll
0x00007ffb98bb0000 - 0x00007ffb98bce000 	C:\WINDOWS\SYSTEM32\MPR.dll
0x00007ffbaa250000 - 0x00007ffbaa390000 	C:\WINDOWS\system32\RPCRT4.dll
0x00007ffbac1d0000 - 0x00007ffbac229000 	C:\WINDOWS\SYSTEM32\sechost.dll
0x00007ffbac250000 - 0x00007ffbac460000 	C:\WINDOWS\SYSTEM32\combase.dll
0x00007ffbac9c0000 - 0x00007ffbacb0c000 	C:\WINDOWS\system32\GDI32.dll
0x00007ffba9cf0000 - 0x00007ffba9d05000 	C:\WINDOWS\SYSTEM32\profapi.dll
0x00007ffba7730000 - 0x00007ffba77e2000 	C:\WINDOWS\SYSTEM32\SHCORE.dll
0x00007ffbabf90000 - 0x00007ffbabfc6000 	C:\WINDOWS\system32\IMM32.DLL
0x00007ffbac460000 - 0x00007ffbac5b1000 	C:\WINDOWS\system32\MSCTF.dll
0x00007ffba72e0000 - 0x00007ffba755b000 	C:\WINDOWS\WinSxS\amd64_microsoft.windows.common-controls_6595b64144ccf1df_6.0.9600.19394_none_62486577ecb635cf\COMCTL32.dll
0x000000005a490000 - 0x000000005a562000 	C:\Program Files\Java\jre1.8.0_241\bin\msvcr100.dll
0x000000005aa40000 - 0x000000005b2ec000 	C:\Program Files\Java\jre1.8.0_241\bin\server\jvm.dll
0x00007ffba01b0000 - 0x00007ffba01b9000 	C:\WINDOWS\SYSTEM32\WSOCK32.dll
0x00007ffba1c90000 - 0x00007ffba1cb2000 	C:\WINDOWS\SYSTEM32\WINMM.dll
0x00007ffba1f40000 - 0x00007ffba1f4a000 	C:\WINDOWS\SYSTEM32\VERSION.dll
0x00007ffbabc30000 - 0x00007ffbabc37000 	C:\WINDOWS\system32\PSAPI.DLL
0x00007ffbac5c0000 - 0x00007ffbac61a000 	C:\WINDOWS\system32\WS2_32.dll
0x00007ffba1c60000 - 0x00007ffba1c8a000 	C:\WINDOWS\SYSTEM32\WINMMBASE.dll
0x00007ffbaa4b0000 - 0x00007ffbaa4b9000 	C:\WINDOWS\system32\NSI.dll
0x00007ffba9ea0000 - 0x00007ffba9eef000 	C:\WINDOWS\SYSTEM32\cfgmgr32.dll
0x00007ffba8b30000 - 0x00007ffba8b58000 	C:\WINDOWS\SYSTEM32\DEVOBJ.dll
0x00007ffb97150000 - 0x00007ffb9715f000 	C:\Program Files\Java\jre1.8.0_241\bin\verify.dll
0x00007ffb8aa40000 - 0x00007ffb8aa69000 	C:\Program Files\Java\jre1.8.0_241\bin\java.dll
0x00007ffb8ab10000 - 0x00007ffb8ab45000 	C:\Program Files\Java\jre1.8.0_241\bin\jdwp.dll
0x00007ffba6af0000 - 0x00007ffba6af8000 	C:\Program Files\Java\jre1.8.0_241\bin\npt.dll
0x00007ffb8a070000 - 0x00007ffb8a086000 	C:\Program Files\Java\jre1.8.0_241\bin\zip.dll
0x00007ffb9ae60000 - 0x00007ffb9ae69000 	C:\Program Files\Java\jre1.8.0_241\bin\dt_socket.dll
0x00007ffb99e90000 - 0x00007ffb99ea5000 	C:\WINDOWS\system32\napinsp.dll
0x00007ffb99ec0000 - 0x00007ffb99eda000 	C:\WINDOWS\system32\pnrpnsp.dll
0x00007ffba7ec0000 - 0x00007ffba7edb000 	C:\WINDOWS\system32\NLAapi.dll
0x00007ffba9520000 - 0x00007ffba9579000 	C:\WINDOWS\System32\mswsock.dll
0x00007ffba9320000 - 0x00007ffba93c4000 	C:\WINDOWS\SYSTEM32\DNSAPI.dll
0x00007ffb99eb0000 - 0x00007ffb99ebd000 	C:\WINDOWS\System32\winrnr.dll
0x00007ffb99ee0000 - 0x00007ffb99ef4000 	C:\WINDOWS\system32\wshbth.dll
0x000000005bef0000 - 0x000000005bf16000 	C:\Program Files\Bonjour\mdnsNSP.dll
0x00007ffba6b40000 - 0x00007ffba6b6a000 	C:\WINDOWS\SYSTEM32\Iphlpapi.DLL
0x00007ffba6720000 - 0x00007ffba672a000 	C:\WINDOWS\SYSTEM32\WINNSI.DLL
0x00007ffba5eb0000 - 0x00007ffba5f1b000 	C:\WINDOWS\System32\fwpuclnt.dll
0x00007ffba34b0000 - 0x00007ffba34ba000 	C:\Windows\System32\rasadhlp.dll
0x00007ffb99ae0000 - 0x00007ffb99afa000 	C:\Program Files\Java\jre1.8.0_241\bin\net.dll
0x00007ffba9580000 - 0x00007ffba95a0000 	C:\WINDOWS\SYSTEM32\CRYPTSP.dll
0x00007ffba91a0000 - 0x00007ffba91d6000 	C:\WINDOWS\system32\rsaenh.dll
0x00007ffba97d0000 - 0x00007ffba97f6000 	C:\WINDOWS\SYSTEM32\bcrypt.dll
0x00007ffba9af0000 - 0x00007ffba9b53000 	C:\WINDOWS\system32\bcryptprimitives.dll
0x00007ffba9b60000 - 0x00007ffba9b6b000 	C:\WINDOWS\SYSTEM32\CRYPTBASE.dll
0x00007ffba5e00000 - 0x00007ffba5e16000 	C:\WINDOWS\SYSTEM32\dhcpcsvc6.DLL
0x00007ffba60c0000 - 0x00007ffba60da000 	C:\WINDOWS\SYSTEM32\dhcpcsvc.DLL
0x00007ffb99aa0000 - 0x00007ffb99ab2000 	C:\Program Files\Java\jre1.8.0_241\bin\nio.dll

VM Arguments:
jvm_args: -agentlib:jdwp=transport=dt_socket,suspend=y,address=localhost:51139 -ea -Dfile.encoding=Cp1252 
java_command: org.testng.remote.RemoteTestNG -serport 51138 -protocol json -d C:\Users\vishnu.vuppala\eclipse-workspace\keyworddriven\test-output C:\Users\VISHNU~1.VUP\AppData\Local\Temp\testng-eclipse-933737812\testng-customsuite.xml
java_class_path (initial): D:\Selenium\eclipse-java-2020-03-R-win32-x86_64\eclipse\configuration\org.eclipse.osgi\518\0\.cp\lib\testng-remote.jar;C:\Users\vishnu.vuppala\eclipse-workspace\keyworddriven\target\test-classes;C:\Users\vishnu.vuppala\eclipse-workspace\keyworddriven\target\classes;C:\Users\vishnu.vuppala\.m2\repository\org\seleniumhq\selenium\selenium-java\3.141.59\selenium-java-3.141.59.jar;C:\Users\vishnu.vuppala\.m2\repository\org\seleniumhq\selenium\selenium-api\3.141.59\selenium-api-3.141.59.jar;C:\Users\vishnu.vuppala\.m2\repository\org\seleniumhq\selenium\selenium-chrome-driver\3.141.59\selenium-chrome-driver-3.141.59.jar;C:\Users\vishnu.vuppala\.m2\repository\org\seleniumhq\selenium\selenium-edge-driver\3.141.59\selenium-edge-driver-3.141.59.jar;C:\Users\vishnu.vuppala\.m2\repository\org\seleniumhq\selenium\selenium-firefox-driver\3.141.59\selenium-firefox-driver-3.141.59.jar;C:\Users\vishnu.vuppala\.m2\repository\org\seleniumhq\selenium\selenium-ie-driver\3.141.59\selenium-ie-driver-3.141.59.jar;C:\Users\vishnu.vuppala\.m2\repository\org\seleniumhq\selenium\selenium-opera-driver\3.141.59\selenium-opera-driver-3.141.59.jar;C:\Users\vishnu.vuppala\.m2\repository\org\seleniumhq\selenium\selenium-remote-driver\3.141.59\selenium-remote-driver-3.141.59.jar;C:\Users\vishnu.vuppala\.m2\repository\org\seleniumhq\selenium\selenium-safari-driver\3.141.59\selenium-safari-driver-3.141.59.jar;C:\Users\vishnu.vuppala\.m2\repository\org\seleniumhq\selenium\selenium-support\3.141.59\selenium-support-3.141.59.jar;C:\Users\vishnu.vuppala\.m2\repository\net\bytebuddy\byte-buddy\1.8.15\byte-buddy-1.8.15.jar;C:\Users\vishnu.vuppala\.m2\repository\org\apache\commons\commons-exec\1.3\commons-exec-1.3.jar;C:\Users\vishnu.vuppala\.m2\repository\com\google\guava\guava\25.0-jre\guava-25.0-jre.jar;C:\Users\vishnu.vuppala\.m2\repository\com\google\code\findbugs\jsr305\1.3.9\jsr305-1.3.9.jar;C:\Users\vishnu.vuppala\.m2\repository\org\checkerframework\checker-compat-qual\2.0.
Launcher Type: SUN_STANDARD

Environment Variables:
PATH=C:/Program Files/Java/jre1.8.0_241/bin/server;C:/Program Files/Java/jre1.8.0_241/bin;C:/Program Files/Java/jre1.8.0_241/lib/amd64;C:\Program Files (x86)\Common Files\Oracle\Java\javapath;C:\Program Files (x86)\Lenovo\FusionEngine;C:\Program Files (x86)\Intel\iCLS Client\;C:\Program Files\Intel\iCLS Client\;C:\WINDOWS\system32;C:\WINDOWS;C:\WINDOWS\System32\Wbem;C:\WINDOWS\System32\WindowsPowerShell\v1.0\;C:\Program Files\Intel\Intel(R) Management Engine Components\DAL;C:\Program Files\Intel\Intel(R) Management Engine Components\IPT;C:\Program Files (x86)\Intel\Intel(R) Management Engine Components\DAL;C:\Program Files (x86)\Intel\Intel(R) Management Engine Components\IPT;C:\Program Files (x86)\ATI Technologies\ATI.ACE\Core-Static;C:\Program Files\Intel\WiFi\bin\;C:\Program Files\Common Files\Intel\WirelessCommon\;C:\Program Files (x86)\Lenovo\Motion Control\;C:\Program Files (x86)\Common Files\lenovo\easyplussdk\bin;C:\Program Files\Java\jdk-14\bin;D:\Selenium\eclipse-java-2020-03-R-win32-x86_64\eclipse;
USERNAME=vishnu.vuppala
OS=Windows_NT
PROCESSOR_IDENTIFIER=Intel64 Family 6 Model 69 Stepping 1, GenuineIntel



---------------  S Y S T E M  ---------------

OS: Windows 8.1 , 64 bit Build 9600 (6.3.9600.19358)

CPU:total 4 (initial active 4) (2 cores per cpu, 2 threads per core) family 6 model 69 stepping 1, cmov, cx8, fxsr, mmx, sse, sse2, sse3, ssse3, sse4.1, sse4.2, popcnt, avx, avx2, aes, clmul, erms, lzcnt, ht, tsc, tscinvbit, bmi1, bmi2

Memory: 4k page, physical 8307672k(1845128k free), swap 11654692k(2556504k free)

vm_info: Java HotSpot(TM) 64-Bit Server VM (25.241-b07) for windows-amd64 JRE (1.8.0_241-b07), built on Dec 11 2019 10:21:40 by "rejava" with MS VC++ 10.0 (VS2010)

time: Thu Apr 23 21:11:19 2020
timezone: India Standard Time
elapsed time: 225 seconds (0d 0h 3m 45s)

