#
# A fatal error has been detected by the Java Runtime Environment:
#
#  Internal Error (javaCalls.cpp:51), pid=12508, tid=0x0000000000002180
#  guarantee(thread->is_Java_thread()) failed: crucial check - the VM thread cannot and must not escape to Java code
#
# JRE version: Java(TM) SE Runtime Environment (8.0_241-b07) (build 1.8.0_241-b07)
# Java VM: Java HotSpot(TM) 64-Bit Server VM (25.241-b07 mixed mode windows-amd64 compressed oops)
# Failed to write core dump. Minidumps are not enabled by default on client versions of Windows
#
# If you would like to submit a bug report, please visit:
#   http://bugreport.java.com/bugreport/crash.jsp
#

---------------  T H R E A D  ---------------

Current thread (0x0000000016d47800):  VMThread [stack: 0x0000000017de0000,0x0000000017ee0000] [id=8576]

Stack: [0x0000000017de0000,0x0000000017ee0000]
[error occurred during error reporting (printing stack bounds), id 0xc0000005]

Native frames: (J=compiled Java code, j=interpreted, Vv=VM code, C=native code)

VM_Operation (0x00000000184bf720): GetOrSetLocal, mode: safepoint, requested by thread 0x0000000016d8b800


---------------  P R O C E S S  ---------------

Java Threads: ( => current thread )
  0x00000000194bd000 JavaThread "ReaderThread" [_thread_in_native, id=5836, stack(0x0000000019bc0000,0x0000000019cc0000)]
  0x0000000018b1c000 JavaThread "Service Thread" daemon [_thread_blocked, id=3152, stack(0x00000000190c0000,0x00000000191c0000)]
  0x0000000016ddc000 JavaThread "C1 CompilerThread2" daemon [_thread_blocked, id=148, stack(0x0000000018fc0000,0x00000000190c0000)]
  0x0000000016ddb800 JavaThread "C2 CompilerThread1" daemon [_thread_blocked, id=11988, stack(0x0000000018ec0000,0x0000000018fc0000)]
  0x0000000016da6800 JavaThread "C2 CompilerThread0" daemon [_thread_blocked, id=11476, stack(0x00000000189c0000,0x0000000018ac0000)]
  0x0000000016d9c000 JavaThread "JDWP Command Reader" daemon [_thread_in_native, id=12024, stack(0x00000000188c0000,0x00000000189c0000)]
  0x0000000016d99800 JavaThread "JDWP Event Helper Thread" daemon [_thread_blocked, id=13076, stack(0x00000000187c0000,0x00000000188c0000)]
  0x0000000016d8b800 JavaThread "JDWP Transport Listener: dt_socket" daemon [_thread_blocked, id=9352, stack(0x00000000183c0000,0x00000000184c0000)]
  0x0000000016d81000 JavaThread "Attach Listener" daemon [_thread_blocked, id=8820, stack(0x00000000182c0000,0x00000000183c0000)]
  0x0000000016d80000 JavaThread "Signal Dispatcher" daemon [_thread_blocked, id=6740, stack(0x00000000181c0000,0x00000000182c0000)]
  0x0000000016d6a800 JavaThread "Finalizer" daemon [_thread_blocked, id=3416, stack(0x0000000017fe0000,0x00000000180e0000)]
  0x00000000021f3000 JavaThread "Reference Handler" daemon [_thread_blocked, id=12032, stack(0x0000000017ee0000,0x0000000017fe0000)]
  0x0000000002103800 JavaThread "main" [_thread_blocked, id=8676, stack(0x0000000002000000,0x0000000002100000)]

Other Threads:
=>0x0000000016d47800 VMThread [stack: 0x0000000017de0000,0x0000000017ee0000] [id=8576]
  0x0000000018b2e800 WatcherThread [stack: 0x00000000191c0000,0x00000000192c0000] [id=11328]

VM state:at safepoint (normal execution)

VM Mutex/Monitor currently owned by a thread:  ([mutex/lock_event])
[0x00000000021012d0] Threads_lock - owner thread: 0x0000000016d47800

heap address: 0x0000000081200000, size: 2030 MB, Compressed Oops mode: 32-bit
Narrow klass base: 0x0000000000000000, Narrow klass shift: 3
Compressed class space size: 1073741824 Address: 0x0000000100000000

Heap:
 PSYoungGen      total 38400K, used 34477K [0x00000000d5b80000, 0x00000000d8600000, 0x0000000100000000)
  eden space 33280K, 88% used [0x00000000d5b80000,0x00000000d78327b8,0x00000000d7c00000)
  from space 5120K, 99% used [0x00000000d7c00000,0x00000000d80f8c90,0x00000000d8100000)
  to   space 5120K, 0% used [0x00000000d8100000,0x00000000d8100000,0x00000000d8600000)
 ParOldGen       total 87552K, used 821K [0x0000000081200000, 0x0000000086780000, 0x00000000d5b80000)
  object space 87552K, 0% used [0x0000000081200000,0x00000000812cd748,0x0000000086780000)
 Metaspace       used 16947K, capacity 17392K, committed 17664K, reserved 1064960K
  class space    used 2073K, capacity 2250K, committed 2304K, reserved 1048576K

Card table byte_map: [0x00000000115c0000,0x00000000119c0000] byte_map_base: 0x00000000111b7000

Marking Bits: (ParMarkBitMap*) 0x000000005b26be30
 Begin Bits: [0x0000000012070000, 0x0000000014028000)
 End Bits:   [0x0000000014028000, 0x0000000015fe0000)

Polling page: 0x0000000000780000

CodeCache: size=245760Kb used=5104Kb max_used=5104Kb free=240655Kb
 bounds [0x0000000002200000, 0x0000000002710000, 0x0000000011200000]
 total_blobs=1847 nmethods=1458 adapters=309
 compilation: enabled

Compilation events (10 events):
Event: 206.870 Thread 0x0000000016ddc000 1454       3       java.nio.Buffer::flip (20 bytes)
Event: 206.871 Thread 0x0000000016ddc000 nmethod 1454 0x00000000026e8450 code [0x00000000026e85a0, 0x00000000026e8710]
Event: 206.872 Thread 0x0000000016ddc000 1455   !   3       java.io.BufferedWriter::write (117 bytes)
Event: 206.874 Thread 0x0000000016ddc000 nmethod 1455 0x00000000026e9690 code [0x00000000026e9860, 0x00000000026ea008]
Event: 206.874 Thread 0x0000000016ddc000 1456       3       java.io.BufferedWriter::min (9 bytes)
Event: 206.874 Thread 0x0000000016ddc000 nmethod 1456 0x00000000026e9350 code [0x00000000026e94a0, 0x00000000026e9630]
Event: 206.875 Thread 0x0000000016ddc000 1457       3       java.io.OutputStream::flush (1 bytes)
Event: 206.875 Thread 0x0000000016ddc000 nmethod 1457 0x00000000026e8fd0 code [0x00000000026e9120, 0x00000000026e9270]
Event: 206.875 Thread 0x0000000016ddc000 1458       3       java.nio.Buffer::<init> (121 bytes)
Event: 206.878 Thread 0x0000000016ddc000 nmethod 1458 0x00000000026fe610 code [0x00000000026fe8e0, 0x00000000026ffd88]

GC Heap History (2 events):
Event: 2.161 GC heap before
{Heap before GC invocations=1 (full 0):
 PSYoungGen      total 38400K, used 33280K [0x00000000d5b80000, 0x00000000d8600000, 0x0000000100000000)
  eden space 33280K, 100% used [0x00000000d5b80000,0x00000000d7c00000,0x00000000d7c00000)
  from space 5120K, 0% used [0x00000000d8100000,0x00000000d8100000,0x00000000d8600000)
  to   space 5120K, 0% used [0x00000000d7c00000,0x00000000d7c00000,0x00000000d8100000)
 ParOldGen       total 87552K, used 0K [0x0000000081200000, 0x0000000086780000, 0x00000000d5b80000)
  object space 87552K, 0% used [0x0000000081200000,0x0000000081200000,0x0000000086780000)
 Metaspace       used 12486K, capacity 12812K, committed 12928K, reserved 1060864K
  class space    used 1478K, capacity 1574K, committed 1664K, reserved 1048576K
Event: 2.169 GC heap after
Heap after GC invocations=1 (full 0):
 PSYoungGen      total 38400K, used 5091K [0x00000000d5b80000, 0x00000000d8600000, 0x0000000100000000)
  eden space 33280K, 0% used [0x00000000d5b80000,0x00000000d5b80000,0x00000000d7c00000)
  from space 5120K, 99% used [0x00000000d7c00000,0x00000000d80f8c90,0x00000000d8100000)
  to   space 5120K, 0% used [0x00000000d8100000,0x00000000d8100000,0x00000000d8600000)
 ParOldGen       total 87552K, used 821K [0x0000000081200000, 0x0000000086780000, 0x00000000d5b80000)
  object space 87552K, 0% used [0x0000000081200000,0x00000000812cd748,0x0000000086780000)
 Metaspace       used 12486K, capacity 12812K, committed 12928K, reserved 1060864K
  class space    used 1478K, capacity 1574K, committed 1664K, reserved 1048576K
}

Deoptimization events (10 events):
Event: 0.764 Thread 0x0000000002103800 Uncommon trap: reason=unstable_if action=reinterpret pc=0x0000000002384914 method=java.lang.String.indexOf([CII[CIII)I @ 134
Event: 0.785 Thread 0x0000000002103800 Uncommon trap: reason=unstable_if action=reinterpret pc=0x000000000234afac method=java.lang.String.startsWith(Ljava/lang/String;I)Z @ 25
Event: 1.090 Thread 0x0000000002103800 Uncommon trap: reason=unstable_if action=reinterpret pc=0x00000000023e1f80 method=java.lang.String.indexOf([CII[CIII)I @ 3
Event: 1.094 Thread 0x0000000002103800 Uncommon trap: reason=unstable_if action=reinterpret pc=0x000000000236f5a4 method=java.lang.String.indexOf([CII[CIII)I @ 123
Event: 1.780 Thread 0x0000000002103800 Uncommon trap: reason=range_check action=make_not_entrant pc=0x000000000250afcc method=sun.reflect.generics.parser.SignatureParser.current()C @ 34
Event: 2.331 Thread 0x0000000002103800 Uncommon trap: reason=unstable_if action=reinterpret pc=0x0000000002598980 method=java.util.HashMap.hash(Ljava/lang/Object;)I @ 1
Event: 2.760 Thread 0x0000000002103800 Uncommon trap: reason=unstable_if action=reinterpret pc=0x00000000025e5650 method=java.lang.String.regionMatches(ZILjava/lang/String;II)Z @ 25
Event: 2.778 Thread 0x0000000002103800 Uncommon trap: reason=unstable_if action=reinterpret pc=0x000000000267160c method=org.apache.xmlbeans.impl.store.Cur.isNormal()Z @ 60
Event: 2.779 Thread 0x0000000002103800 Uncommon trap: reason=unstable_if action=reinterpret pc=0x00000000026b9fa4 method=org.apache.xmlbeans.impl.store.Xobj.bitIsSet(I)Z @ 6
Event: 2.781 Thread 0x0000000002103800 Uncommon trap: reason=unstable_if action=reinterpret pc=0x0000000002670bdc method=org.apache.xmlbeans.impl.store.Xobj.bitIsSet(I)Z @ 6

Classes redefined (2 events):
Event: 273.139 Thread 0x0000000016d47800 redefined class name=resources.driverscript, count=1
Event: 424.019 Thread 0x0000000016d47800 redefined class name=resources.driverscript, count=2

Internal exceptions (10 events):
Event: 0.758 Thread 0x0000000002103800 Exception <a 'java/security/PrivilegedActionException'> (0x00000000d5fbbc40) thrown at [C:\ade\jenkins\workspace\8-2-build-windows-amd64-cygwin\jdk8u241\331\hotspot\src\share\vm\prims\jvm.cpp, line 1502]
Event: 0.913 Thread 0x0000000002103800 Exception <a 'java/lang/NoSuchFieldError': method resolution failed> (0x00000000d623c058) thrown at [C:\ade\jenkins\workspace\8-2-build-windows-amd64-cygwin\jdk8u241\331\hotspot\src\share\vm\prims\methodHandles.cpp, line 1167]
Event: 0.925 Thread 0x0000000002103800 Exception <a 'java/lang/NoSuchFieldError': method resolution failed> (0x00000000d62493a8) thrown at [C:\ade\jenkins\workspace\8-2-build-windows-amd64-cygwin\jdk8u241\331\hotspot\src\share\vm\prims\methodHandles.cpp, line 1167]
Event: 1.578 Thread 0x0000000002103800 Exception <a 'java/lang/NoSuchMethodError': java.lang.Object.lambda$comparingInt$7b0bb60$1(Ljava/util/function/ToIntFunction;Ljava/lang/Object;Ljava/lang/Object;)I> (0x00000000d69a41b0) thrown at [C:\ade\jenkins\workspace\8-2-build-windows-amd64-cygwin\jd
Event: 1.780 Thread 0x0000000002103800 Exception <a 'java/lang/ArrayIndexOutOfBoundsException': 65> (0x00000000d6da7aa0) thrown at [C:\ade\jenkins\workspace\8-2-build-windows-amd64-cygwin\jdk8u241\331\hotspot\src\share\vm\interpreter\interpreterRuntime.cpp, line 368]
Event: 1.781 Thread 0x0000000002103800 Exception <a 'java/lang/ArrayIndexOutOfBoundsException': 60> (0x00000000d6dad4d0) thrown at [C:\ade\jenkins\workspace\8-2-build-windows-amd64-cygwin\jdk8u241\331\hotspot\src\share\vm\interpreter\interpreterRuntime.cpp, line 368]
Event: 2.331 Thread 0x0000000002103800 Implicit null exception at 0x000000000259823b to 0x0000000002598969
Event: 46.454 Thread 0x0000000002103800 Exception <a 'java/lang/NullPointerException'> (0x00000000d76f4eb0) thrown at [C:\ade\jenkins\workspace\8-2-build-windows-amd64-cygwin\jdk8u241\331\hotspot\src\share\vm\interpreter\linkResolver.cpp, line 1287]
Event: 58.985 Thread 0x0000000002103800 Exception <a 'java/lang/NullPointerException'> (0x00000000d7700030) thrown at [C:\ade\jenkins\workspace\8-2-build-windows-amd64-cygwin\jdk8u241\331\hotspot\src\share\vm\interpreter\linkResolver.cpp, line 1287]
Event: 206.870 Thread 0x0000000002103800 Exception <a 'java/lang/NullPointerException'> (0x00000000d7748218) thrown at [C:\ade\jenkins\workspace\8-2-build-windows-amd64-cygwin\jdk8u241\331\hotspot\src\share\vm\interpreter\linkResolver.cpp, line 1287]

Events (10 events):
Event: 424.302 Executing VM operation: GetCurrentContendedMonitor done
Event: 424.333 Executing VM operation: GetCurrentContendedMonitor
Event: 424.333 Executing VM operation: GetCurrentContendedMonitor done
Event: 424.333 Executing VM operation: GetOwnedMonitorInfo
Event: 424.333 Executing VM operation: GetOwnedMonitorInfo done
Event: 424.354 Executing VM operation: GetCurrentContendedMonitor
Event: 424.354 Executing VM operation: GetCurrentContendedMonitor done
Event: 424.354 Executing VM operation: GetOwnedMonitorInfo
Event: 424.354 Executing VM operation: GetOwnedMonitorInfo done
Event: 424.473 Executing VM operation: GetOrSetLocal


Dynamic libraries:
0x00007ff60a1f0000 - 0x00007ff60a227000 	C:\Program Files\Java\jre1.8.0_241\bin\javaw.exe
0x00007ffbacbf0000 - 0x00007ffbacd9d000 	C:\WINDOWS\SYSTEM32\ntdll.dll
0x00007ffbac6e0000 - 0x00007ffbac81f000 	C:\WINDOWS\system32\KERNEL32.DLL
0x00007ffbaa0d0000 - 0x00007ffbaa1e5000 	C:\WINDOWS\system32\KERNELBASE.dll
0x00007ffba88b0000 - 0x00007ffba893e000 	C:\WINDOWS\system32\apphelp.dll
0x00007ffb76220000 - 0x00007ffb76275000 	C:\WINDOWS\AppPatch\AppPatch64\AcGenral.DLL
0x00007ffbacb10000 - 0x00007ffbacbba000 	C:\WINDOWS\system32\msvcrt.dll
0x00007ffba9dc0000 - 0x00007ffba9dee000 	C:\WINDOWS\system32\SspiCli.dll
0x00007ffbab9f0000 - 0x00007ffbaba44000 	C:\WINDOWS\system32\SHLWAPI.dll
0x00007ffbac030000 - 0x00007ffbac1a7000 	C:\WINDOWS\system32\USER32.dll
0x00007ffbac820000 - 0x00007ffbac9b4000 	C:\WINDOWS\system32\ole32.dll
0x00007ffbaa4c0000 - 0x00007ffbab9eb000 	C:\WINDOWS\system32\SHELL32.dll
0x00007ffba92b0000 - 0x00007ffba92d1000 	C:\WINDOWS\SYSTEM32\USERENV.dll
0x00007ffbaa390000 - 0x00007ffbaa43a000 	C:\WINDOWS\system32\ADVAPI32.dll
0x00007ffb98bb0000 - 0x00007ffb98bce000 	C:\WINDOWS\SYSTEM32\MPR.dll
0x00007ffbaa250000 - 0x00007ffbaa390000 	C:\WINDOWS\system32\RPCRT4.dll
0x00007ffbac1d0000 - 0x00007ffbac229000 	C:\WINDOWS\SYSTEM32\sechost.dll
0x00007ffbac250000 - 0x00007ffbac460000 	C:\WINDOWS\SYSTEM32\combase.dll
0x00007ffbac9c0000 - 0x00007ffbacb0c000 	C:\WINDOWS\system32\GDI32.dll
0x00007ffba9cf0000 - 0x00007ffba9d05000 	C:\WINDOWS\SYSTEM32\profapi.dll
0x00007ffba7730000 - 0x00007ffba77e2000 	C:\WINDOWS\SYSTEM32\SHCORE.dll
0x00007ffbabf90000 - 0x00007ffbabfc6000 	C:\WINDOWS\system32\IMM32.DLL
0x00007ffbac460000 - 0x00007ffbac5b1000 	C:\WINDOWS\system32\MSCTF.dll
0x00007ffba72e0000 - 0x00007ffba755b000 	C:\WINDOWS\WinSxS\amd64_microsoft.windows.common-controls_6595b64144ccf1df_6.0.9600.19394_none_62486577ecb635cf\COMCTL32.dll
0x000000005a490000 - 0x000000005a562000 	C:\Program Files\Java\jre1.8.0_241\bin\msvcr100.dll
0x000000005aa40000 - 0x000000005b2ec000 	C:\Program Files\Java\jre1.8.0_241\bin\server\jvm.dll
0x00007ffba01b0000 - 0x00007ffba01b9000 	C:\WINDOWS\SYSTEM32\WSOCK32.dll
0x00007ffba1c90000 - 0x00007ffba1cb2000 	C:\WINDOWS\SYSTEM32\WINMM.dll
0x00007ffba1f40000 - 0x00007ffba1f4a000 	C:\WINDOWS\SYSTEM32\VERSION.dll
0x00007ffbabc30000 - 0x00007ffbabc37000 	C:\WINDOWS\system32\PSAPI.DLL
0x00007ffbac5c0000 - 0x00007ffbac61a000 	C:\WINDOWS\system32\WS2_32.dll
0x00007ffba1c60000 - 0x00007ffba1c8a000 	C:\WINDOWS\SYSTEM32\WINMMBASE.dll
0x00007ffbaa4b0000 - 0x00007ffbaa4b9000 	C:\WINDOWS\system32\NSI.dll
0x00007ffba9ea0000 - 0x00007ffba9eef000 	C:\WINDOWS\SYSTEM32\cfgmgr32.dll
0x00007ffba8b30000 - 0x00007ffba8b58000 	C:\WINDOWS\SYSTEM32\DEVOBJ.dll
0x00007ffb97150000 - 0x00007ffb9715f000 	C:\Program Files\Java\jre1.8.0_241\bin\verify.dll
0x00007ffb8aa40000 - 0x00007ffb8aa69000 	C:\Program Files\Java\jre1.8.0_241\bin\java.dll
0x00007ffb8ab10000 - 0x00007ffb8ab45000 	C:\Program Files\Java\jre1.8.0_241\bin\jdwp.dll
0x00007ffba6af0000 - 0x00007ffba6af8000 	C:\Program Files\Java\jre1.8.0_241\bin\npt.dll
0x00007ffb8a070000 - 0x00007ffb8a086000 	C:\Program Files\Java\jre1.8.0_241\bin\zip.dll
0x00007ffb9ae60000 - 0x00007ffb9ae69000 	C:\Program Files\Java\jre1.8.0_241\bin\dt_socket.dll
0x00007ffb99e90000 - 0x00007ffb99ea5000 	C:\WINDOWS\system32\napinsp.dll
0x00007ffb99ec0000 - 0x00007ffb99eda000 	C:\WINDOWS\system32\pnrpnsp.dll
0x00007ffba7ec0000 - 0x00007ffba7edb000 	C:\WINDOWS\system32\NLAapi.dll
0x00007ffba9520000 - 0x00007ffba9579000 	C:\WINDOWS\System32\mswsock.dll
0x00007ffba9320000 - 0x00007ffba93c4000 	C:\WINDOWS\SYSTEM32\DNSAPI.dll
0x00007ffb99eb0000 - 0x00007ffb99ebd000 	C:\WINDOWS\System32\winrnr.dll
0x00007ffb99ee0000 - 0x00007ffb99ef4000 	C:\WINDOWS\system32\wshbth.dll
0x000000005bef0000 - 0x000000005bf16000 	C:\Program Files\Bonjour\mdnsNSP.dll
0x00007ffba6b40000 - 0x00007ffba6b6a000 	C:\WINDOWS\SYSTEM32\Iphlpapi.DLL
0x00007ffba6720000 - 0x00007ffba672a000 	C:\WINDOWS\SYSTEM32\WINNSI.DLL
0x00007ffba5eb0000 - 0x00007ffba5f1b000 	C:\WINDOWS\System32\fwpuclnt.dll
0x00007ffba34b0000 - 0x00007ffba34ba000 	C:\Windows\System32\rasadhlp.dll
0x00007ffb99ae0000 - 0x00007ffb99afa000 	C:\Program Files\Java\jre1.8.0_241\bin\net.dll
0x00007ffba9580000 - 0x00007ffba95a0000 	C:\WINDOWS\SYSTEM32\CRYPTSP.dll
0x00007ffba91a0000 - 0x00007ffba91d6000 	C:\WINDOWS\system32\rsaenh.dll
0x00007ffba97d0000 - 0x00007ffba97f6000 	C:\WINDOWS\SYSTEM32\bcrypt.dll
0x00007ffba9af0000 - 0x00007ffba9b53000 	C:\WINDOWS\system32\bcryptprimitives.dll
0x00007ffba9b60000 - 0x00007ffba9b6b000 	C:\WINDOWS\SYSTEM32\CRYPTBASE.dll
0x00007ffba5e00000 - 0x00007ffba5e16000 	C:\WINDOWS\SYSTEM32\dhcpcsvc6.DLL
0x00007ffba60c0000 - 0x00007ffba60da000 	C:\WINDOWS\SYSTEM32\dhcpcsvc.DLL
0x00007ffb99aa0000 - 0x00007ffb99ab2000 	C:\Program Files\Java\jre1.8.0_241\bin\nio.dll

VM Arguments:
jvm_args: -agentlib:jdwp=transport=dt_socket,suspend=y,address=localhost:51098 -ea -Dfile.encoding=Cp1252 
java_command: org.testng.remote.RemoteTestNG -serport 51097 -protocol json -d C:\Users\vishnu.vuppala\eclipse-workspace\keyworddriven\test-output C:\Users\VISHNU~1.VUP\AppData\Local\Temp\testng-eclipse--1159435766\testng-customsuite.xml
java_class_path (initial): D:\Selenium\eclipse-java-2020-03-R-win32-x86_64\eclipse\configuration\org.eclipse.osgi\518\0\.cp\lib\testng-remote.jar;C:\Users\vishnu.vuppala\eclipse-workspace\keyworddriven\target\test-classes;C:\Users\vishnu.vuppala\eclipse-workspace\keyworddriven\target\classes;C:\Users\vishnu.vuppala\.m2\repository\org\seleniumhq\selenium\selenium-java\3.141.59\selenium-java-3.141.59.jar;C:\Users\vishnu.vuppala\.m2\repository\org\seleniumhq\selenium\selenium-api\3.141.59\selenium-api-3.141.59.jar;C:\Users\vishnu.vuppala\.m2\repository\org\seleniumhq\selenium\selenium-chrome-driver\3.141.59\selenium-chrome-driver-3.141.59.jar;C:\Users\vishnu.vuppala\.m2\repository\org\seleniumhq\selenium\selenium-edge-driver\3.141.59\selenium-edge-driver-3.141.59.jar;C:\Users\vishnu.vuppala\.m2\repository\org\seleniumhq\selenium\selenium-firefox-driver\3.141.59\selenium-firefox-driver-3.141.59.jar;C:\Users\vishnu.vuppala\.m2\repository\org\seleniumhq\selenium\selenium-ie-driver\3.141.59\selenium-ie-driver-3.141.59.jar;C:\Users\vishnu.vuppala\.m2\repository\org\seleniumhq\selenium\selenium-opera-driver\3.141.59\selenium-opera-driver-3.141.59.jar;C:\Users\vishnu.vuppala\.m2\repository\org\seleniumhq\selenium\selenium-remote-driver\3.141.59\selenium-remote-driver-3.141.59.jar;C:\Users\vishnu.vuppala\.m2\repository\org\seleniumhq\selenium\selenium-safari-driver\3.141.59\selenium-safari-driver-3.141.59.jar;C:\Users\vishnu.vuppala\.m2\repository\org\seleniumhq\selenium\selenium-support\3.141.59\selenium-support-3.141.59.jar;C:\Users\vishnu.vuppala\.m2\repository\net\bytebuddy\byte-buddy\1.8.15\byte-buddy-1.8.15.jar;C:\Users\vishnu.vuppala\.m2\repository\org\apache\commons\commons-exec\1.3\commons-exec-1.3.jar;C:\Users\vishnu.vuppala\.m2\repository\com\google\guava\guava\25.0-jre\guava-25.0-jre.jar;C:\Users\vishnu.vuppala\.m2\repository\com\google\code\findbugs\jsr305\1.3.9\jsr305-1.3.9.jar;C:\Users\vishnu.vuppala\.m2\repository\org\checkerframework\checker-compat-qual\2.0.
Launcher Type: SUN_STANDARD

Environment Variables:
PATH=C:/Program Files/Java/jre1.8.0_241/bin/server;C:/Program Files/Java/jre1.8.0_241/bin;C:/Program Files/Java/jre1.8.0_241/lib/amd64;C:\Program Files (x86)\Common Files\Oracle\Java\javapath;C:\Program Files (x86)\Lenovo\FusionEngine;C:\Program Files (x86)\Intel\iCLS Client\;C:\Program Files\Intel\iCLS Client\;C:\WINDOWS\system32;C:\WINDOWS;C:\WINDOWS\System32\Wbem;C:\WINDOWS\System32\WindowsPowerShell\v1.0\;C:\Program Files\Intel\Intel(R) Management Engine Components\DAL;C:\Program Files\Intel\Intel(R) Management Engine Components\IPT;C:\Program Files (x86)\Intel\Intel(R) Management Engine Components\DAL;C:\Program Files (x86)\Intel\Intel(R) Management Engine Components\IPT;C:\Program Files (x86)\ATI Technologies\ATI.ACE\Core-Static;C:\Program Files\Intel\WiFi\bin\;C:\Program Files\Common Files\Intel\WirelessCommon\;C:\Program Files (x86)\Lenovo\Motion Control\;C:\Program Files (x86)\Common Files\lenovo\easyplussdk\bin;C:\Program Files\Java\jdk-14\bin;D:\Selenium\eclipse-java-2020-03-R-win32-x86_64\eclipse;
USERNAME=vishnu.vuppala
OS=Windows_NT
PROCESSOR_IDENTIFIER=Intel64 Family 6 Model 69 Stepping 1, GenuineIntel



---------------  S Y S T E M  ---------------

OS: Windows 8.1 , 64 bit Build 9600 (6.3.9600.19358)

CPU:total 4 (initial active 4) (2 cores per cpu, 2 threads per core) family 6 model 69 stepping 1, cmov, cx8, fxsr, mmx, sse, sse2, sse3, ssse3, sse4.1, sse4.2, popcnt, avx, avx2, aes, clmul, erms, lzcnt, ht, tsc, tscinvbit, bmi1, bmi2

Memory: 4k page, physical 8307672k(1695376k free), swap 11654692k(2041724k free)

vm_info: Java HotSpot(TM) 64-Bit Server VM (25.241-b07) for windows-amd64 JRE (1.8.0_241-b07), built on Dec 11 2019 10:21:40 by "rejava" with MS VC++ 10.0 (VS2010)

time: Thu Apr 23 21:11:19 2020
timezone: India Standard Time
elapsed time: 424 seconds (0d 0h 7m 4s)

