#
# A fatal error has been detected by the Java Runtime Environment:
#
#  Internal Error (javaCalls.cpp:51), pid=10140, tid=0x00000000000031ec
#  guarantee(thread->is_Java_thread()) failed: crucial check - the VM thread cannot and must not escape to Java code
#
# JRE version: Java(TM) SE Runtime Environment (8.0_241-b07) (build 1.8.0_241-b07)
# Java VM: Java HotSpot(TM) 64-Bit Server VM (25.241-b07 mixed mode windows-amd64 compressed oops)
# Failed to write core dump. Minidumps are not enabled by default on client versions of Windows
#
# If you would like to submit a bug report, please visit:
#   http://bugreport.java.com/bugreport/crash.jsp
#

---------------  T H R E A D  ---------------

Current thread (0x0000000016ba7800):  VMThread [stack: 0x0000000017c40000,0x0000000017d40000] [id=12780]

Stack: [0x0000000017c40000,0x0000000017d40000]
[error occurred during error reporting (printing stack bounds), id 0xc0000005]

Native frames: (J=compiled Java code, j=interpreted, Vv=VM code, C=native code)

VM_Operation (0x00000000186cf3a0): GetOrSetLocal, mode: safepoint, requested by thread 0x0000000016bec000


---------------  P R O C E S S  ---------------

Java Threads: ( => current thread )
  0x00000000194b8000 JavaThread "ReaderThread" [_thread_in_native, id=5000, stack(0x0000000019ad0000,0x0000000019bd0000)]
  0x0000000016c3e800 JavaThread "Service Thread" daemon [_thread_blocked, id=12952, stack(0x0000000018fd0000,0x00000000190d0000)]
  0x0000000016c39800 JavaThread "C1 CompilerThread2" daemon [_thread_blocked, id=13252, stack(0x0000000018ed0000,0x0000000018fd0000)]
  0x0000000016c39000 JavaThread "C2 CompilerThread1" daemon [_thread_blocked, id=9952, stack(0x0000000018dd0000,0x0000000018ed0000)]
  0x0000000016c08000 JavaThread "C2 CompilerThread0" daemon [_thread_blocked, id=9656, stack(0x00000000188d0000,0x00000000189d0000)]
  0x0000000016bfb000 JavaThread "JDWP Command Reader" daemon [_thread_in_native, id=11200, stack(0x00000000187d0000,0x00000000188d0000)]
  0x0000000016bf9800 JavaThread "JDWP Event Helper Thread" daemon [_thread_blocked, id=4680, stack(0x00000000186d0000,0x00000000187d0000)]
  0x0000000016bec000 JavaThread "JDWP Transport Listener: dt_socket" daemon [_thread_blocked, id=12536, stack(0x00000000185d0000,0x00000000186d0000)]
  0x0000000016be0800 JavaThread "Attach Listener" daemon [_thread_blocked, id=8728, stack(0x0000000018120000,0x0000000018220000)]
  0x0000000016bd0000 JavaThread "Signal Dispatcher" daemon [_thread_blocked, id=10780, stack(0x0000000018020000,0x0000000018120000)]
  0x0000000016bca800 JavaThread "Finalizer" daemon [_thread_blocked, id=12036, stack(0x0000000017e40000,0x0000000017f40000)]
  0x0000000002053000 JavaThread "Reference Handler" daemon [_thread_blocked, id=4836, stack(0x0000000017d40000,0x0000000017e40000)]
  0x0000000001f63800 JavaThread "main" [_thread_blocked, id=12964, stack(0x0000000001dd0000,0x0000000001ed0000)]

Other Threads:
=>0x0000000016ba7800 VMThread [stack: 0x0000000017c40000,0x0000000017d40000] [id=12780]
  0x0000000018a3f000 WatcherThread [stack: 0x00000000190d0000,0x00000000191d0000] [id=9552]

VM state:at safepoint (normal execution)

VM Mutex/Monitor currently owned by a thread:  ([mutex/lock_event])
[0x0000000001f60450] Threads_lock - owner thread: 0x0000000016ba7800

heap address: 0x0000000081200000, size: 2030 MB, Compressed Oops mode: 32-bit
Narrow klass base: 0x0000000000000000, Narrow klass shift: 3
Compressed class space size: 1073741824 Address: 0x0000000100000000

Heap:
 PSYoungGen      total 38400K, used 33327K [0x00000000d5b80000, 0x00000000d8600000, 0x0000000100000000)
  eden space 33280K, 84% used [0x00000000d5b80000,0x00000000d770eab0,0x00000000d7c00000)
  from space 5120K, 99% used [0x00000000d7c00000,0x00000000d80fd170,0x00000000d8100000)
  to   space 5120K, 0% used [0x00000000d8100000,0x00000000d8100000,0x00000000d8600000)
 ParOldGen       total 87552K, used 789K [0x0000000081200000, 0x0000000086780000, 0x00000000d5b80000)
  object space 87552K, 0% used [0x0000000081200000,0x00000000812c56f8,0x0000000086780000)
 Metaspace       used 16827K, capacity 17290K, committed 17664K, reserved 1064960K
  class space    used 2053K, capacity 2217K, committed 2304K, reserved 1048576K

Card table byte_map: [0x0000000011420000,0x0000000011820000] byte_map_base: 0x0000000011017000

Marking Bits: (ParMarkBitMap*) 0x000000005b26be30
 Begin Bits: [0x0000000011ed0000, 0x0000000013e88000)
 End Bits:   [0x0000000013e88000, 0x0000000015e40000)

Polling page: 0x00000000005a0000

CodeCache: size=245760Kb used=5029Kb max_used=5049Kb free=240730Kb
 bounds [0x0000000002060000, 0x0000000002560000, 0x0000000011060000]
 total_blobs=1816 nmethods=1427 adapters=309
 compilation: enabled

Compilation events (10 events):
Event: 1.886 Thread 0x0000000016c39800 nmethod 1427 0x0000000002543610 code [0x00000000025438e0, 0x0000000002544e98]
Event: 1.886 Thread 0x0000000016c39800 1421       3       com.sun.org.apache.xerces.internal.impl.XMLDocumentFragmentScannerImpl$ElementStack::nextElement (129 bytes)
Event: 1.887 Thread 0x0000000016c39800 nmethod 1421 0x000000000253c0d0 code [0x000000000253c280, 0x000000000253c9a8]
Event: 1.887 Thread 0x0000000016c39800 1422       3       com.sun.org.apache.xerces.internal.impl.XMLDocumentFragmentScannerImpl::checkDepth (100 bytes)
Event: 1.888 Thread 0x0000000016c39800 nmethod 1422 0x0000000002545850 code [0x0000000002545b00, 0x00000000025473a8]
Event: 1.888 Thread 0x0000000016c39800 1423       3       com.sun.org.apache.xerces.internal.util.NamespaceSupport::pushContext (65 bytes)
Event: 1.889 Thread 0x0000000016c39800 nmethod 1423 0x000000000253bad0 code [0x000000000253bc40, 0x000000000253bf68]
Event: 1.889 Thread 0x0000000016c39800 1424       3       com.sun.org.apache.xerces.internal.impl.XMLDocumentFragmentScannerImpl$ElementStack::popElement (59 bytes)
Event: 1.889 Thread 0x0000000016c39800 nmethod 1424 0x000000000253b550 code [0x000000000253b6c0, 0x000000000253b930]
Event: 1.933 Thread 0x0000000016c39000 nmethod 1360 0x000000000254cf50 code [0x000000000254d240, 0x000000000254f4c8]

GC Heap History (2 events):
Event: 1.368 GC heap before
{Heap before GC invocations=1 (full 0):
 PSYoungGen      total 38400K, used 33280K [0x00000000d5b80000, 0x00000000d8600000, 0x0000000100000000)
  eden space 33280K, 100% used [0x00000000d5b80000,0x00000000d7c00000,0x00000000d7c00000)
  from space 5120K, 0% used [0x00000000d8100000,0x00000000d8100000,0x00000000d8600000)
  to   space 5120K, 0% used [0x00000000d7c00000,0x00000000d7c00000,0x00000000d8100000)
 ParOldGen       total 87552K, used 0K [0x0000000081200000, 0x0000000086780000, 0x00000000d5b80000)
  object space 87552K, 0% used [0x0000000081200000,0x0000000081200000,0x0000000086780000)
 Metaspace       used 12493K, capacity 12812K, committed 12928K, reserved 1060864K
  class space    used 1478K, capacity 1574K, committed 1664K, reserved 1048576K
Event: 1.376 GC heap after
Heap after GC invocations=1 (full 0):
 PSYoungGen      total 38400K, used 5108K [0x00000000d5b80000, 0x00000000d8600000, 0x0000000100000000)
  eden space 33280K, 0% used [0x00000000d5b80000,0x00000000d5b80000,0x00000000d7c00000)
  from space 5120K, 99% used [0x00000000d7c00000,0x00000000d80fd170,0x00000000d8100000)
  to   space 5120K, 0% used [0x00000000d8100000,0x00000000d8100000,0x00000000d8600000)
 ParOldGen       total 87552K, used 789K [0x0000000081200000, 0x0000000086780000, 0x00000000d5b80000)
  object space 87552K, 0% used [0x0000000081200000,0x00000000812c56f8,0x0000000086780000)
 Metaspace       used 12493K, capacity 12812K, committed 12928K, reserved 1060864K
  class space    used 1478K, capacity 1574K, committed 1664K, reserved 1048576K
}

Deoptimization events (7 events):
Event: 0.452 Thread 0x0000000001f63800 Uncommon trap: reason=unstable_if action=reinterpret pc=0x00000000021e6454 method=java.lang.String.indexOf([CII[CIII)I @ 134
Event: 0.467 Thread 0x0000000001f63800 Uncommon trap: reason=unstable_if action=reinterpret pc=0x00000000021a75ac method=java.lang.String.startsWith(Ljava/lang/String;I)Z @ 25
Event: 0.682 Thread 0x0000000001f63800 Uncommon trap: reason=unstable_if action=reinterpret pc=0x00000000022537c0 method=java.lang.String.indexOf([CII[CIII)I @ 3
Event: 1.067 Thread 0x0000000001f63800 Uncommon trap: reason=range_check action=make_not_entrant pc=0x000000000234e48c method=sun.reflect.generics.parser.SignatureParser.current()C @ 34
Event: 1.510 Thread 0x0000000001f63800 Uncommon trap: reason=unstable_if action=reinterpret pc=0x00000000023f0200 method=java.util.HashMap.hash(Ljava/lang/Object;)I @ 1
Event: 1.829 Thread 0x0000000001f63800 Uncommon trap: reason=unstable_if action=reinterpret pc=0x0000000002447dd0 method=java.lang.String.regionMatches(ZILjava/lang/String;II)Z @ 25
Event: 1.844 Thread 0x0000000001f63800 Uncommon trap: reason=unstable_if action=reinterpret pc=0x00000000024c778c method=org.apache.xmlbeans.impl.store.Cur.isNormal()Z @ 60

Classes redefined (2 events):
Event: 199.824 Thread 0x0000000016ba7800 redefined class name=resources.driverscript, count=1
Event: 350.718 Thread 0x0000000016ba7800 redefined class name=resources.driverscript, count=2

Internal exceptions (10 events):
Event: 0.447 Thread 0x0000000001f63800 Exception <a 'java/security/PrivilegedActionException'> (0x00000000d5fb7ce0) thrown at [C:\ade\jenkins\workspace\8-2-build-windows-amd64-cygwin\jdk8u241\331\hotspot\src\share\vm\prims\jvm.cpp, line 1502]
Event: 0.447 Thread 0x0000000001f63800 Exception <a 'java/security/PrivilegedActionException'> (0x00000000d5fb7ef0) thrown at [C:\ade\jenkins\workspace\8-2-build-windows-amd64-cygwin\jdk8u241\331\hotspot\src\share\vm\prims\jvm.cpp, line 1502]
Event: 0.448 Thread 0x0000000001f63800 Exception <a 'java/security/PrivilegedActionException'> (0x00000000d5fbbb60) thrown at [C:\ade\jenkins\workspace\8-2-build-windows-amd64-cygwin\jdk8u241\331\hotspot\src\share\vm\prims\jvm.cpp, line 1502]
Event: 0.448 Thread 0x0000000001f63800 Exception <a 'java/security/PrivilegedActionException'> (0x00000000d5fbbd70) thrown at [C:\ade\jenkins\workspace\8-2-build-windows-amd64-cygwin\jdk8u241\331\hotspot\src\share\vm\prims\jvm.cpp, line 1502]
Event: 0.542 Thread 0x0000000001f63800 Exception <a 'java/lang/NoSuchFieldError': method resolution failed> (0x00000000d623c180) thrown at [C:\ade\jenkins\workspace\8-2-build-windows-amd64-cygwin\jdk8u241\331\hotspot\src\share\vm\prims\methodHandles.cpp, line 1167]
Event: 0.550 Thread 0x0000000001f63800 Exception <a 'java/lang/NoSuchFieldError': method resolution failed> (0x00000000d62494d0) thrown at [C:\ade\jenkins\workspace\8-2-build-windows-amd64-cygwin\jdk8u241\331\hotspot\src\share\vm\prims\methodHandles.cpp, line 1167]
Event: 0.947 Thread 0x0000000001f63800 Exception <a 'java/lang/NoSuchMethodError': java.lang.Object.lambda$comparingInt$7b0bb60$1(Ljava/util/function/ToIntFunction;Ljava/lang/Object;Ljava/lang/Object;)I> (0x00000000d69a45b8) thrown at [C:\ade\jenkins\workspace\8-2-build-windows-amd64-cygwin\jd
Event: 1.067 Thread 0x0000000001f63800 Exception <a 'java/lang/ArrayIndexOutOfBoundsException': 65> (0x00000000d6da7db0) thrown at [C:\ade\jenkins\workspace\8-2-build-windows-amd64-cygwin\jdk8u241\331\hotspot\src\share\vm\interpreter\interpreterRuntime.cpp, line 368]
Event: 1.068 Thread 0x0000000001f63800 Exception <a 'java/lang/ArrayIndexOutOfBoundsException': 60> (0x00000000d6dad7e0) thrown at [C:\ade\jenkins\workspace\8-2-build-windows-amd64-cygwin\jdk8u241\331\hotspot\src\share\vm\interpreter\interpreterRuntime.cpp, line 368]
Event: 1.510 Thread 0x0000000001f63800 Implicit null exception at 0x00000000023efabb to 0x00000000023f01e9

Events (10 events):
Event: 350.927 Executing VM operation: GetCurrentContendedMonitor done
Event: 350.930 Executing VM operation: GetCurrentContendedMonitor
Event: 350.930 Executing VM operation: GetCurrentContendedMonitor done
Event: 350.943 Executing VM operation: GetOwnedMonitorInfo
Event: 350.943 Executing VM operation: GetOwnedMonitorInfo done
Event: 350.960 Executing VM operation: GetCurrentContendedMonitor
Event: 350.960 Executing VM operation: GetCurrentContendedMonitor done
Event: 350.961 Executing VM operation: GetOwnedMonitorInfo
Event: 350.961 Executing VM operation: GetOwnedMonitorInfo done
Event: 351.678 Executing VM operation: GetOrSetLocal


Dynamic libraries:
0x00007ff60a1f0000 - 0x00007ff60a227000 	C:\Program Files\Java\jre1.8.0_241\bin\javaw.exe
0x00007ffbacbf0000 - 0x00007ffbacd9d000 	C:\WINDOWS\SYSTEM32\ntdll.dll
0x00007ffbac6e0000 - 0x00007ffbac81f000 	C:\WINDOWS\system32\KERNEL32.DLL
0x00007ffbaa0d0000 - 0x00007ffbaa1e5000 	C:\WINDOWS\system32\KERNELBASE.dll
0x00007ffba88b0000 - 0x00007ffba893e000 	C:\WINDOWS\system32\apphelp.dll
0x00007ffb76220000 - 0x00007ffb76275000 	C:\WINDOWS\AppPatch\AppPatch64\AcGenral.DLL
0x00007ffbacb10000 - 0x00007ffbacbba000 	C:\WINDOWS\system32\msvcrt.dll
0x00007ffba9dc0000 - 0x00007ffba9dee000 	C:\WINDOWS\system32\SspiCli.dll
0x00007ffbab9f0000 - 0x00007ffbaba44000 	C:\WINDOWS\system32\SHLWAPI.dll
0x00007ffbac030000 - 0x00007ffbac1a7000 	C:\WINDOWS\system32\USER32.dll
0x00007ffbac820000 - 0x00007ffbac9b4000 	C:\WINDOWS\system32\ole32.dll
0x00007ffbaa4c0000 - 0x00007ffbab9eb000 	C:\WINDOWS\system32\SHELL32.dll
0x00007ffba92b0000 - 0x00007ffba92d1000 	C:\WINDOWS\SYSTEM32\USERENV.dll
0x00007ffbaa390000 - 0x00007ffbaa43a000 	C:\WINDOWS\system32\ADVAPI32.dll
0x00007ffb98bb0000 - 0x00007ffb98bce000 	C:\WINDOWS\SYSTEM32\MPR.dll
0x00007ffbaa250000 - 0x00007ffbaa390000 	C:\WINDOWS\system32\RPCRT4.dll
0x00007ffbac1d0000 - 0x00007ffbac229000 	C:\WINDOWS\SYSTEM32\sechost.dll
0x00007ffbac250000 - 0x00007ffbac460000 	C:\WINDOWS\SYSTEM32\combase.dll
0x00007ffbac9c0000 - 0x00007ffbacb0c000 	C:\WINDOWS\system32\GDI32.dll
0x00007ffba9cf0000 - 0x00007ffba9d05000 	C:\WINDOWS\SYSTEM32\profapi.dll
0x00007ffba7730000 - 0x00007ffba77e2000 	C:\WINDOWS\SYSTEM32\SHCORE.dll
0x00007ffbabf90000 - 0x00007ffbabfc6000 	C:\WINDOWS\system32\IMM32.DLL
0x00007ffbac460000 - 0x00007ffbac5b1000 	C:\WINDOWS\system32\MSCTF.dll
0x00007ffba72e0000 - 0x00007ffba755b000 	C:\WINDOWS\WinSxS\amd64_microsoft.windows.common-controls_6595b64144ccf1df_6.0.9600.19394_none_62486577ecb635cf\COMCTL32.dll
0x000000005a490000 - 0x000000005a562000 	C:\Program Files\Java\jre1.8.0_241\bin\msvcr100.dll
0x000000005aa40000 - 0x000000005b2ec000 	C:\Program Files\Java\jre1.8.0_241\bin\server\jvm.dll
0x00007ffba01b0000 - 0x00007ffba01b9000 	C:\WINDOWS\SYSTEM32\WSOCK32.dll
0x00007ffba1c90000 - 0x00007ffba1cb2000 	C:\WINDOWS\SYSTEM32\WINMM.dll
0x00007ffba1f40000 - 0x00007ffba1f4a000 	C:\WINDOWS\SYSTEM32\VERSION.dll
0x00007ffbabc30000 - 0x00007ffbabc37000 	C:\WINDOWS\system32\PSAPI.DLL
0x00007ffbac5c0000 - 0x00007ffbac61a000 	C:\WINDOWS\system32\WS2_32.dll
0x00007ffba1c60000 - 0x00007ffba1c8a000 	C:\WINDOWS\SYSTEM32\WINMMBASE.dll
0x00007ffbaa4b0000 - 0x00007ffbaa4b9000 	C:\WINDOWS\system32\NSI.dll
0x00007ffba9ea0000 - 0x00007ffba9eef000 	C:\WINDOWS\SYSTEM32\cfgmgr32.dll
0x00007ffba8b30000 - 0x00007ffba8b58000 	C:\WINDOWS\SYSTEM32\DEVOBJ.dll
0x00007ffb97150000 - 0x00007ffb9715f000 	C:\Program Files\Java\jre1.8.0_241\bin\verify.dll
0x00007ffb8aa40000 - 0x00007ffb8aa69000 	C:\Program Files\Java\jre1.8.0_241\bin\java.dll
0x00007ffb8ab10000 - 0x00007ffb8ab45000 	C:\Program Files\Java\jre1.8.0_241\bin\jdwp.dll
0x00007ffba6af0000 - 0x00007ffba6af8000 	C:\Program Files\Java\jre1.8.0_241\bin\npt.dll
0x00007ffb8a070000 - 0x00007ffb8a086000 	C:\Program Files\Java\jre1.8.0_241\bin\zip.dll
0x00007ffb9ae60000 - 0x00007ffb9ae69000 	C:\Program Files\Java\jre1.8.0_241\bin\dt_socket.dll
0x00007ffb99e90000 - 0x00007ffb99ea5000 	C:\WINDOWS\system32\napinsp.dll
0x00007ffb99ec0000 - 0x00007ffb99eda000 	C:\WINDOWS\system32\pnrpnsp.dll
0x00007ffba7ec0000 - 0x00007ffba7edb000 	C:\WINDOWS\system32\NLAapi.dll
0x00007ffba9520000 - 0x00007ffba9579000 	C:\WINDOWS\System32\mswsock.dll
0x00007ffba9320000 - 0x00007ffba93c4000 	C:\WINDOWS\SYSTEM32\DNSAPI.dll
0x00007ffb99eb0000 - 0x00007ffb99ebd000 	C:\WINDOWS\System32\winrnr.dll
0x00007ffb99ee0000 - 0x00007ffb99ef4000 	C:\WINDOWS\system32\wshbth.dll
0x000000005bef0000 - 0x000000005bf16000 	C:\Program Files\Bonjour\mdnsNSP.dll
0x00007ffba6b40000 - 0x00007ffba6b6a000 	C:\WINDOWS\SYSTEM32\Iphlpapi.DLL
0x00007ffba6720000 - 0x00007ffba672a000 	C:\WINDOWS\SYSTEM32\WINNSI.DLL
0x00007ffba5eb0000 - 0x00007ffba5f1b000 	C:\WINDOWS\System32\fwpuclnt.dll
0x00007ffba34b0000 - 0x00007ffba34ba000 	C:\Windows\System32\rasadhlp.dll
0x00007ffb99ae0000 - 0x00007ffb99afa000 	C:\Program Files\Java\jre1.8.0_241\bin\net.dll
0x00007ffba9580000 - 0x00007ffba95a0000 	C:\WINDOWS\SYSTEM32\CRYPTSP.dll
0x00007ffba91a0000 - 0x00007ffba91d6000 	C:\WINDOWS\system32\rsaenh.dll
0x00007ffba97d0000 - 0x00007ffba97f6000 	C:\WINDOWS\SYSTEM32\bcrypt.dll
0x00007ffba9af0000 - 0x00007ffba9b53000 	C:\WINDOWS\system32\bcryptprimitives.dll
0x00007ffba9b60000 - 0x00007ffba9b6b000 	C:\WINDOWS\SYSTEM32\CRYPTBASE.dll
0x00007ffba5e00000 - 0x00007ffba5e16000 	C:\WINDOWS\SYSTEM32\dhcpcsvc6.DLL
0x00007ffba60c0000 - 0x00007ffba60da000 	C:\WINDOWS\SYSTEM32\dhcpcsvc.DLL
0x00007ffb99aa0000 - 0x00007ffb99ab2000 	C:\Program Files\Java\jre1.8.0_241\bin\nio.dll

VM Arguments:
jvm_args: -agentlib:jdwp=transport=dt_socket,suspend=y,address=localhost:51123 -ea -Dfile.encoding=Cp1252 
java_command: org.testng.remote.RemoteTestNG -serport 51122 -protocol json -d C:\Users\vishnu.vuppala\eclipse-workspace\keyworddriven\test-output C:\Users\VISHNU~1.VUP\AppData\Local\Temp\testng-eclipse--621633425\testng-customsuite.xml
java_class_path (initial): D:\Selenium\eclipse-java-2020-03-R-win32-x86_64\eclipse\configuration\org.eclipse.osgi\518\0\.cp\lib\testng-remote.jar;C:\Users\vishnu.vuppala\eclipse-workspace\keyworddriven\target\test-classes;C:\Users\vishnu.vuppala\eclipse-workspace\keyworddriven\target\classes;C:\Users\vishnu.vuppala\.m2\repository\org\seleniumhq\selenium\selenium-java\3.141.59\selenium-java-3.141.59.jar;C:\Users\vishnu.vuppala\.m2\repository\org\seleniumhq\selenium\selenium-api\3.141.59\selenium-api-3.141.59.jar;C:\Users\vishnu.vuppala\.m2\repository\org\seleniumhq\selenium\selenium-chrome-driver\3.141.59\selenium-chrome-driver-3.141.59.jar;C:\Users\vishnu.vuppala\.m2\repository\org\seleniumhq\selenium\selenium-edge-driver\3.141.59\selenium-edge-driver-3.141.59.jar;C:\Users\vishnu.vuppala\.m2\repository\org\seleniumhq\selenium\selenium-firefox-driver\3.141.59\selenium-firefox-driver-3.141.59.jar;C:\Users\vishnu.vuppala\.m2\repository\org\seleniumhq\selenium\selenium-ie-driver\3.141.59\selenium-ie-driver-3.141.59.jar;C:\Users\vishnu.vuppala\.m2\repository\org\seleniumhq\selenium\selenium-opera-driver\3.141.59\selenium-opera-driver-3.141.59.jar;C:\Users\vishnu.vuppala\.m2\repository\org\seleniumhq\selenium\selenium-remote-driver\3.141.59\selenium-remote-driver-3.141.59.jar;C:\Users\vishnu.vuppala\.m2\repository\org\seleniumhq\selenium\selenium-safari-driver\3.141.59\selenium-safari-driver-3.141.59.jar;C:\Users\vishnu.vuppala\.m2\repository\org\seleniumhq\selenium\selenium-support\3.141.59\selenium-support-3.141.59.jar;C:\Users\vishnu.vuppala\.m2\repository\net\bytebuddy\byte-buddy\1.8.15\byte-buddy-1.8.15.jar;C:\Users\vishnu.vuppala\.m2\repository\org\apache\commons\commons-exec\1.3\commons-exec-1.3.jar;C:\Users\vishnu.vuppala\.m2\repository\com\google\guava\guava\25.0-jre\guava-25.0-jre.jar;C:\Users\vishnu.vuppala\.m2\repository\com\google\code\findbugs\jsr305\1.3.9\jsr305-1.3.9.jar;C:\Users\vishnu.vuppala\.m2\repository\org\checkerframework\checker-compat-qual\2.0.
Launcher Type: SUN_STANDARD

Environment Variables:
PATH=C:/Program Files/Java/jre1.8.0_241/bin/server;C:/Program Files/Java/jre1.8.0_241/bin;C:/Program Files/Java/jre1.8.0_241/lib/amd64;C:\Program Files (x86)\Common Files\Oracle\Java\javapath;C:\Program Files (x86)\Lenovo\FusionEngine;C:\Program Files (x86)\Intel\iCLS Client\;C:\Program Files\Intel\iCLS Client\;C:\WINDOWS\system32;C:\WINDOWS;C:\WINDOWS\System32\Wbem;C:\WINDOWS\System32\WindowsPowerShell\v1.0\;C:\Program Files\Intel\Intel(R) Management Engine Components\DAL;C:\Program Files\Intel\Intel(R) Management Engine Components\IPT;C:\Program Files (x86)\Intel\Intel(R) Management Engine Components\DAL;C:\Program Files (x86)\Intel\Intel(R) Management Engine Components\IPT;C:\Program Files (x86)\ATI Technologies\ATI.ACE\Core-Static;C:\Program Files\Intel\WiFi\bin\;C:\Program Files\Common Files\Intel\WirelessCommon\;C:\Program Files (x86)\Lenovo\Motion Control\;C:\Program Files (x86)\Common Files\lenovo\easyplussdk\bin;C:\Program Files\Java\jdk-14\bin;D:\Selenium\eclipse-java-2020-03-R-win32-x86_64\eclipse;
USERNAME=vishnu.vuppala
OS=Windows_NT
PROCESSOR_IDENTIFIER=Intel64 Family 6 Model 69 Stepping 1, GenuineIntel



---------------  S Y S T E M  ---------------

OS: Windows 8.1 , 64 bit Build 9600 (6.3.9600.19358)

CPU:total 4 (initial active 4) (2 cores per cpu, 2 threads per core) family 6 model 69 stepping 1, cmov, cx8, fxsr, mmx, sse, sse2, sse3, ssse3, sse4.1, sse4.2, popcnt, avx, avx2, aes, clmul, erms, lzcnt, ht, tsc, tscinvbit, bmi1, bmi2

Memory: 4k page, physical 8307672k(1766540k free), swap 11654692k(2293280k free)

vm_info: Java HotSpot(TM) 64-Bit Server VM (25.241-b07) for windows-amd64 JRE (1.8.0_241-b07), built on Dec 11 2019 10:21:40 by "rejava" with MS VC++ 10.0 (VS2010)

time: Thu Apr 23 21:11:19 2020
timezone: India Standard Time
elapsed time: 351 seconds (0d 0h 5m 51s)

